<?xml version="1.0" encoding="UTF-8" ?>
<testsuite tests="1" failures="0" name="com.tony.test.Test" time="2.564" errors="1" skipped="0">
  <properties>
[...]
</properties>
  <testcase classname="com.tony.test.Test" name="selectAuditLog_01" time="2.564">
    <error message="
### Error updating database.  Cause: java.sql.SQLIntegrityConstraintViolationException: Duplicate entry &apos;4444&apos; for key &apos;PRIMARY&apos;
### The error may involve com.qingcheng.dao.AuditLogMapper.insertSelective-Inline
### The error occurred while setting parameters
### SQL: INSERT INTO tb_audit_log  ( id,spu_id,audit_time,message,status ) VALUES( ?,?,?,?,? )
### Cause: java.sql.SQLIntegrityConstraintViolationException: Duplicate entry &apos;4444&apos; for key &apos;PRIMARY&apos;
; ]; Duplicate entry &apos;4444&apos; for key &apos;PRIMARY&apos;; nested exception is java.sql.SQLIntegrityConstraintViolationException: Duplicate entry &apos;4444&apos; for key &apos;PRIMARY&apos;" type="org.springframework.dao.DuplicateKeyException">org.springframework.dao.DuplicateKeyException: 
### Error updating database.  Cause: java.sql.SQLIntegrityConstraintViolationException: Duplicate entry &apos;4444&apos; for key &apos;PRIMARY&apos;
### The error may involve com.qingcheng.dao.AuditLogMapper.insertSelective-Inline
### The error occurred while setting parameters
### SQL: INSERT INTO tb_audit_log  ( id,spu_id,audit_time,message,status ) VALUES( ?,?,?,?,? )
### Cause: java.sql.SQLIntegrityConstraintViolationException: Duplicate entry &apos;4444&apos; for key &apos;PRIMARY&apos;
; ]; Duplicate entry &apos;4444&apos; for key &apos;PRIMARY&apos;; nested exception is java.sql.SQLIntegrityConstraintViolationException: Duplicate entry &apos;4444&apos; for key &apos;PRIMARY&apos;
	at org.springframework.jdbc.support.SQLErrorCodeSQLExceptionTranslator.doTranslate(SQLErrorCodeSQLExceptionTranslator.java:242)
	at org.springframework.jdbc.support.AbstractFallbackSQLExceptionTranslator.translate(AbstractFallbackSQLExceptionTranslator.java:72)
	at org.mybatis.spring.MyBatisExceptionTranslator.translateExceptionIfPossible(MyBatisExceptionTranslator.java:73)
	at org.mybatis.spring.SqlSessionTemplate$SqlSessionInterceptor.invoke(SqlSessionTemplate.java:446)
	at com.sun.proxy.$Proxy23.insert(Unknown Source)
	at org.mybatis.spring.SqlSessionTemplate.insert(SqlSessionTemplate.java:278)
	at org.apache.ibatis.binding.MapperMethod.execute(MapperMethod.java:57)
	at org.apache.ibatis.binding.MapperProxy.invoke(MapperProxy.java:59)
	at com.sun.proxy.$Proxy31.insertSelective(Unknown Source)
	at com.qingcheng.service.impl.AuditLogServiceImpl.insert(AuditLogServiceImpl.java:45)
	at com.tony.test.Test.selectAuditLog_01(Test.java:31)
	at sun.reflect.NativeMethodAccessorImpl.invoke0(Native Method)
	at sun.reflect.NativeMethodAccessorImpl.invoke(NativeMethodAccessorImpl.java:62)
	at sun.reflect.DelegatingMethodAccessorImpl.invoke(DelegatingMethodAccessorImpl.java:43)
	at java.lang.reflect.Method.invoke(Method.java:498)
	at org.junit.runners.model.FrameworkMethod$1.runReflectiveCall(FrameworkMethod.java:50)
	at org.junit.internal.runners.model.ReflectiveCallable.run(ReflectiveCallable.java:12)
	at org.junit.runners.model.FrameworkMethod.invokeExplosively(FrameworkMethod.java:47)
	at org.junit.internal.runners.statements.InvokeMethod.evaluate(InvokeMethod.java:17)
	at org.springframework.test.context.junit4.statements.RunBeforeTestExecutionCallbacks.evaluate(RunBeforeTestExecutionCallbacks.java:73)
	at org.springframework.test.context.junit4.statements.RunAfterTestExecutionCallbacks.evaluate(RunAfterTestExecutionCallbacks.java:83)
	at org.springframework.test.context.junit4.statements.RunBeforeTestMethodCallbacks.evaluate(RunBeforeTestMethodCallbacks.java:75)
	at org.springframework.test.context.junit4.statements.RunAfterTestMethodCallbacks.evaluate(RunAfterTestMethodCallbacks.java:86)
	at org.springframework.test.context.junit4.statements.SpringRepeat.evaluate(SpringRepeat.java:84)
	at org.junit.runners.ParentRunner.runLeaf(ParentRunner.java:325)
	at org.springframework.test.context.junit4.SpringJUnit4ClassRunner.runChild(SpringJUnit4ClassRunner.java:251)
	at org.springframework.test.context.junit4.SpringJUnit4ClassRunner.runChild(SpringJUnit4ClassRunner.java:97)
	at org.junit.runners.ParentRunner$3.run(ParentRunner.java:290)
	at org.junit.runners.ParentRunner$1.schedule(ParentRunner.java:71)
	at org.junit.runners.ParentRunner.runChildren(ParentRunner.java:288)
	at org.junit.runners.ParentRunner.access$000(ParentRunner.java:58)
	at org.junit.runners.ParentRunner$2.evaluate(ParentRunner.java:268)
	at org.springframework.test.context.junit4.statements.RunBeforeTestClassCallbacks.evaluate(RunBeforeTestClassCallbacks.java:61)
	at org.springframework.test.context.junit4.statements.RunAfterTestClassCallbacks.evaluate(RunAfterTestClassCallbacks.java:70)
	at org.junit.runners.ParentRunner.run(ParentRunner.java:363)
	at org.springframework.test.context.junit4.SpringJUnit4ClassRunner.run(SpringJUnit4ClassRunner.java:190)
	at org.apache.maven.surefire.junit4.JUnit4Provider.execute(JUnit4Provider.java:252)
	at org.apache.maven.surefire.junit4.JUnit4Provider.executeTestSet(JUnit4Provider.java:141)
	at org.apache.maven.surefire.junit4.JUnit4Provider.invoke(JUnit4Provider.java:112)
	at sun.reflect.NativeMethodAccessorImpl.invoke0(Native Method)
	at sun.reflect.NativeMethodAccessorImpl.invoke(NativeMethodAccessorImpl.java:62)
	at sun.reflect.DelegatingMethodAccessorImpl.invoke(DelegatingMethodAccessorImpl.java:43)
	at java.lang.reflect.Method.invoke(Method.java:498)
	at org.apache.maven.surefire.util.ReflectionUtils.invokeMethodWithArray(ReflectionUtils.java:189)
	at org.apache.maven.surefire.booter.ProviderFactory$ProviderProxy.invoke(ProviderFactory.java:165)
	at org.apache.maven.surefire.booter.ProviderFactory.invokeProvider(ProviderFactory.java:85)
	at org.apache.maven.surefire.booter.ForkedBooter.runSuitesInProcess(ForkedBooter.java:115)
	at org.apache.maven.surefire.booter.ForkedBooter.main(ForkedBooter.java:75)
Caused by: java.sql.SQLIntegrityConstraintViolationException: Duplicate entry &apos;4444&apos; for key &apos;PRIMARY&apos;
	at com.mysql.cj.jdbc.exceptions.SQLError.createSQLException(SQLError.java:117)
	at com.mysql.cj.jdbc.exceptions.SQLError.createSQLException(SQLError.java:97)
	at com.mysql.cj.jdbc.exceptions.SQLExceptionsMapping.translateException(SQLExceptionsMapping.java:122)
	at com.mysql.cj.jdbc.ClientPreparedStatement.executeInternal(ClientPreparedStatement.java:953)
	at com.mysql.cj.jdbc.ClientPreparedStatement.execute(ClientPreparedStatement.java:370)
	at com.alibaba.druid.pool.DruidPooledPreparedStatement.execute(DruidPooledPreparedStatement.java:493)
	at sun.reflect.NativeMethodAccessorImpl.invoke0(Native Method)
	at sun.reflect.NativeMethodAccessorImpl.invoke(NativeMethodAccessorImpl.java:62)
	at sun.reflect.DelegatingMethodAccessorImpl.invoke(DelegatingMethodAccessorImpl.java:43)
	at java.lang.reflect.Method.invoke(Method.java:498)
	at org.apache.ibatis.logging.jdbc.PreparedStatementLogger.invoke(PreparedStatementLogger.java:59)
	at com.sun.proxy.$Proxy35.execute(Unknown Source)
	at org.apache.ibatis.executor.statement.PreparedStatementHandler.update(PreparedStatementHandler.java:46)
	at org.apache.ibatis.executor.statement.RoutingStatementHandler.update(RoutingStatementHandler.java:74)
	at org.apache.ibatis.executor.SimpleExecutor.doUpdate(SimpleExecutor.java:50)
	at org.apache.ibatis.executor.BaseExecutor.update(BaseExecutor.java:117)
	at org.apache.ibatis.executor.CachingExecutor.update(CachingExecutor.java:76)
	at sun.reflect.NativeMethodAccessorImpl.invoke0(Native Method)
	at sun.reflect.NativeMethodAccessorImpl.invoke(NativeMethodAccessorImpl.java:62)
	at sun.reflect.DelegatingMethodAccessorImpl.invoke(DelegatingMethodAccessorImpl.java:43)
	at java.lang.reflect.Method.invoke(Method.java:498)
	at org.apache.ibatis.plugin.Plugin.invoke(Plugin.java:63)
	at com.sun.proxy.$Proxy32.update(Unknown Source)
	at org.apache.ibatis.session.defaults.DefaultSqlSession.update(DefaultSqlSession.java:198)
	at org.apache.ibatis.session.defaults.DefaultSqlSession.insert(DefaultSqlSession.java:185)
	at sun.reflect.NativeMethodAccessorImpl.invoke0(Native Method)
	at sun.reflect.NativeMethodAccessorImpl.invoke(NativeMethodAccessorImpl.java:62)
	at sun.reflect.DelegatingMethodAccessorImpl.invoke(DelegatingMethodAccessorImpl.java:43)
	at java.lang.reflect.Method.invoke(Method.java:498)
	at org.mybatis.spring.SqlSessionTemplate$SqlSessionInterceptor.invoke(SqlSessionTemplate.java:433)
	... 44 more
</error>
    <system-err>20:36:50,671 DEBUG SpringJUnit4ClassRunner:139 - SpringJUnit4ClassRunner constructor called with [class com.tony.test.Test]
20:36:50,693 DEBUG BootstrapUtils:97 - Instantiating CacheAwareContextLoaderDelegate from class [org.springframework.test.context.cache.DefaultCacheAwareContextLoaderDelegate]
20:36:50,707 DEBUG BootstrapUtils:80 - Instantiating BootstrapContext using constructor [public org.springframework.test.context.support.DefaultBootstrapContext(java.lang.Class,org.springframework.test.context.CacheAwareContextLoaderDelegate)]
20:36:50,727 DEBUG BootstrapUtils:133 - Instantiating TestContextBootstrapper for test class [com.tony.test.Test] from class [org.springframework.test.context.support.DefaultTestContextBootstrapper]
20:36:50,806 DEBUG AbstractDelegatingSmartContextLoader:95 - Delegating to GenericXmlContextLoader to process context configuration [ContextConfigurationAttributes@544fe44c declaringClass = &apos;com.tony.test.Test&apos;, classes = &apos;{}&apos;, locations = &apos;{classpath:applicationContext-dao.xml}&apos;, inheritLocations = true, initializers = &apos;{}&apos;, inheritInitializers = true, name = [null], contextLoaderClass = &apos;org.springframework.test.context.ContextLoader&apos;].
20:36:50,843 DEBUG ActiveProfilesUtils:79 - Could not find an &apos;annotation declaring class&apos; for annotation type [org.springframework.test.context.ActiveProfiles] and class [com.tony.test.Test]
20:36:50,845 DEBUG DefaultTestContextBootstrapper:125 - @TestExecutionListeners is not present for class [com.tony.test.Test]: using defaults.
20:36:50,847  INFO DefaultTestContextBootstrapper:248 - Loaded default TestExecutionListener class names from location [META-INF/spring.factories]: [org.springframework.test.context.web.ServletTestExecutionListener, org.springframework.test.context.support.DirtiesContextBeforeModesTestExecutionListener, org.springframework.test.context.support.DependencyInjectionTestExecutionListener, org.springframework.test.context.support.DirtiesContextTestExecutionListener, org.springframework.test.context.transaction.TransactionalTestExecutionListener, org.springframework.test.context.jdbc.SqlScriptsTestExecutionListener]
20:36:50,875  INFO DefaultTestContextBootstrapper:177 - Using TestExecutionListeners: [org.springframework.test.context.web.ServletTestExecutionListener@e320068, org.springframework.test.context.support.DirtiesContextBeforeModesTestExecutionListener@1f57539, org.springframework.test.context.support.DependencyInjectionTestExecutionListener@76f2b07d, org.springframework.test.context.support.DirtiesContextTestExecutionListener@704a52ec, org.springframework.test.context.transaction.TransactionalTestExecutionListener@6ee52dcd, org.springframework.test.context.jdbc.SqlScriptsTestExecutionListener@4493d195]
20:36:50,879 DEBUG ProfileValueUtils:70 - Retrieved @ProfileValueSourceConfiguration [null] for test class [com.tony.test.Test]
20:36:50,880 DEBUG ProfileValueUtils:83 - Retrieved ProfileValueSource type [class org.springframework.test.annotation.SystemProfileValueSource] for class [com.tony.test.Test]
20:36:50,882 DEBUG ProfileValueUtils:70 - Retrieved @ProfileValueSourceConfiguration [null] for test class [com.tony.test.Test]
20:36:50,882 DEBUG ProfileValueUtils:83 - Retrieved ProfileValueSource type [class org.springframework.test.annotation.SystemProfileValueSource] for class [com.tony.test.Test]
20:36:50,890 DEBUG AbstractDirtiesContextTestExecutionListener:142 - Before test class: context [DefaultTestContext@3043fe0e testClass = Test, testInstance = [null], testMethod = [null], testException = [null], mergedContextConfiguration = [MergedContextConfiguration@78e67e0a testClass = Test, locations = &apos;{classpath:applicationContext-dao.xml}&apos;, classes = &apos;{}&apos;, contextInitializerClasses = &apos;[]&apos;, activeProfiles = &apos;{}&apos;, propertySourceLocations = &apos;{}&apos;, propertySourceProperties = &apos;{}&apos;, contextCustomizers = set[[empty]], contextLoader = &apos;org.springframework.test.context.support.DelegatingSmartContextLoader&apos;, parent = [null]], attributes = map[[empty]]], class annotated with @DirtiesContext [false] with mode [null].
20:36:50,892 DEBUG ProfileValueUtils:70 - Retrieved @ProfileValueSourceConfiguration [null] for test class [com.tony.test.Test]
20:36:50,892 DEBUG ProfileValueUtils:83 - Retrieved ProfileValueSource type [class org.springframework.test.annotation.SystemProfileValueSource] for class [com.tony.test.Test]
20:36:50,899 DEBUG DependencyInjectionTestExecutionListener:81 - Performing dependency injection for test context [[DefaultTestContext@3043fe0e testClass = Test, testInstance = com.tony.test.Test@307f6b8c, testMethod = [null], testException = [null], mergedContextConfiguration = [MergedContextConfiguration@78e67e0a testClass = Test, locations = &apos;{classpath:applicationContext-dao.xml}&apos;, classes = &apos;{}&apos;, contextInitializerClasses = &apos;[]&apos;, activeProfiles = &apos;{}&apos;, propertySourceLocations = &apos;{}&apos;, propertySourceProperties = &apos;{}&apos;, contextCustomizers = set[[empty]], contextLoader = &apos;org.springframework.test.context.support.DelegatingSmartContextLoader&apos;, parent = [null]], attributes = map[[empty]]]].
20:36:50,903 DEBUG AbstractDelegatingSmartContextLoader:105 - Delegating to GenericXmlContextLoader to load context from [MergedContextConfiguration@78e67e0a testClass = Test, locations = &apos;{classpath:applicationContext-dao.xml}&apos;, classes = &apos;{}&apos;, contextInitializerClasses = &apos;[]&apos;, activeProfiles = &apos;{}&apos;, propertySourceLocations = &apos;{}&apos;, propertySourceProperties = &apos;{}&apos;, contextCustomizers = set[[empty]], contextLoader = &apos;org.springframework.test.context.support.DelegatingSmartContextLoader&apos;, parent = [null]].
20:36:50,905 DEBUG AbstractGenericContextLoader:109 - Loading ApplicationContext for merged context configuration [[MergedContextConfiguration@78e67e0a testClass = Test, locations = &apos;{classpath:applicationContext-dao.xml}&apos;, classes = &apos;{}&apos;, contextInitializerClasses = &apos;[]&apos;, activeProfiles = &apos;{}&apos;, propertySourceLocations = &apos;{}&apos;, propertySourceProperties = &apos;{}&apos;, contextCustomizers = set[[empty]], contextLoader = &apos;org.springframework.test.context.support.DelegatingSmartContextLoader&apos;, parent = [null]]].
20:36:51,003 DEBUG StandardEnvironment:109 - Adding PropertySource &apos;systemProperties&apos; with lowest search precedence
20:36:51,006 DEBUG StandardEnvironment:109 - Adding PropertySource &apos;systemEnvironment&apos; with lowest search precedence
20:36:51,009 DEBUG StandardEnvironment:125 - Initialized StandardEnvironment with PropertySources [MapPropertySource@1832580921 {name=&apos;systemProperties&apos;, properties={java.runtime.name=Java(TM) SE Runtime Environment, sun.boot.library.path=/Library/Java/JavaVirtualMachines/jdk1.8.0_231.jdk/Contents/Home/jre/lib, java.vm.version=25.231-b11, gopherProxySet=false, java.vm.vendor=Oracle Corporation, java.vendor.url=http://java.oracle.com/, path.separator=:, java.vm.name=Java HotSpot(TM) 64-Bit Server VM, file.encoding.pkg=sun.io, user.country=CN, sun.java.launcher=SUN_STANDARD, sun.os.patch.level=unknown, java.vm.specification.name=Java Virtual Machine Specification, user.dir=/Users/tonytucker/IdeaProjects/qingcheng_parent_auto/qingcheng_parent2/qingcheng_service_goods, java.runtime.version=1.8.0_231-b11, basedir=/Users/tonytucker/IdeaProjects/qingcheng_parent_auto/qingcheng_parent2/qingcheng_service_goods, java.awt.graphicsenv=sun.awt.CGraphicsEnvironment, java.endorsed.dirs=/Library/Java/JavaVirtualMachines/jdk1.8.0_231.jdk/Contents/Home/jre/lib/endorsed, os.arch=x86_64, surefire.real.class.path=/Users/tonytucker/IdeaProjects/qingcheng_parent_auto/qingcheng_parent2/qingcheng_service_goods/target/surefire/surefirebooter5534554028698244495.jar, java.io.tmpdir=/var/folders/m3/f0pjjzrs2qnclslzynpk635c0000gn/T/, line.separator=
, java.vm.specification.vendor=Oracle Corporation, os.name=Mac OS X, sun.jnu.encoding=UTF-8, java.library.path=/Users/tonytucker/Library/Java/Extensions:/Library/Java/Extensions:/Network/Library/Java/Extensions:/System/Library/Java/Extensions:/usr/lib/java:., surefire.test.class.path=/Users/tonytucker/IdeaProjects/qingcheng_parent_auto/qingcheng_parent2/qingcheng_service_goods/target/test-classes:/Users/tonytucker/IdeaProjects/qingcheng_parent_auto/qingcheng_parent2/qingcheng_service_goods/target/classes:/Users/tonytucker/IdeaProjects/qingcheng_parent_auto/qingcheng_parent2/qingcheng_interface/target/qingcheng_interface-1.0-SNAPSHOT.jar:/Users/tonytucker/IdeaProjects/qingcheng_parent_auto/qingcheng_parent2/qingcheng_pojo/target/qingcheng_pojo-1.0-SNAPSHOT.jar:/Users/tonytucker/repository/javax/persistence/persistence-api/1.0/persistence-api-1.0.jar:/Users/tonytucker/repository/com/github/pagehelper/pagehelper/4.1.4/pagehelper-4.1.4.jar:/Users/tonytucker/repository/com/github/jsqlparser/jsqlparser/0.9.5/jsqlparser-0.9.5.jar:/Users/tonytucker/repository/tk/mybatis/mapper/4.1.5/mapper-4.1.5.jar:/Users/tonytucker/IdeaProjects/qingcheng_parent_auto/qingcheng_parent2/qingcheng_common_service/target/qingcheng_common_service-1.0-SNAPSHOT.jar:/Users/tonytucker/repository/xyz/downgoon/snowflake/1.0.0/snowflake-1.0.0.jar:/Users/tonytucker/IdeaProjects/qingcheng_parent_auto/qingcheng_parent2/qingcheng_common/target/qingcheng_common-1.0-SNAPSHOT.jar:/Users/tonytucker/repository/org/springframework/spring-context/5.0.5.RELEASE/spring-context-5.0.5.RELEASE.jar:/Users/tonytucker/repository/org/springframework/spring-aop/5.0.5.RELEASE/spring-aop-5.0.5.RELEASE.jar:/Users/tonytucker/repository/org/springframework/spring-core/5.0.5.RELEASE/spring-core-5.0.5.RELEASE.jar:/Users/tonytucker/repository/org/springframework/spring-jcl/5.0.5.RELEASE/spring-jcl-5.0.5.RELEASE.jar:/Users/tonytucker/repository/org/springframework/spring-expression/5.0.5.RELEASE/spring-expression-5.0.5.RELEASE.jar:/Users/tonytucker/repository/org/springframework/spring-beans/5.0.5.RELEASE/spring-beans-5.0.5.RELEASE.jar:/Users/tonytucker/repository/org/springframework/spring-web/5.0.5.RELEASE/spring-web-5.0.5.RELEASE.jar:/Users/tonytucker/repository/org/springframework/spring-webmvc/5.0.5.RELEASE/spring-webmvc-5.0.5.RELEASE.jar:/Users/tonytucker/repository/org/springframework/spring-jdbc/5.0.5.RELEASE/spring-jdbc-5.0.5.RELEASE.jar:/Users/tonytucker/repository/org/springframework/spring-tx/5.0.5.RELEASE/spring-tx-5.0.5.RELEASE.jar:/Users/tonytucker/repository/org/springframework/spring-aspects/5.0.5.RELEASE/spring-aspects-5.0.5.RELEASE.jar:/Users/tonytucker/repository/org/aspectj/aspectjweaver/1.8.13/aspectjweaver-1.8.13.jar:/Users/tonytucker/repository/org/springframework/spring-jms/5.0.5.RELEASE/spring-jms-5.0.5.RELEASE.jar:/Users/tonytucker/repository/org/springframework/spring-messaging/5.0.5.RELEASE/spring-messaging-5.0.5.RELEASE.jar:/Users/tonytucker/repository/org/springframework/spring-context-support/5.0.5.RELEASE/spring-context-support-5.0.5.RELEASE.jar:/Users/tonytucker/repository/org/springframework/spring-test/5.0.5.RELEASE/spring-test-5.0.5.RELEASE.jar:/Users/tonytucker/repository/com/alibaba/dubbo/2.6.0/dubbo-2.6.0.jar:/Users/tonytucker/repository/org/javassist/javassist/3.20.0-GA/javassist-3.20.0-GA.jar:/Users/tonytucker/repository/org/jboss/netty/netty/3.2.5.Final/netty-3.2.5.Final.jar:/Users/tonytucker/repository/org/apache/zookeeper/zookeeper/3.4.7/zookeeper-3.4.7.jar:/Users/tonytucker/repository/org/slf4j/slf4j-log4j12/1.6.1/slf4j-log4j12-1.6.1.jar:/Users/tonytucker/repository/log4j/log4j/1.2.16/log4j-1.2.16.jar:/Users/tonytucker/repository/jline/jline/0.9.94/jline-0.9.94.jar:/Users/tonytucker/repository/io/netty/netty/3.7.0.Final/netty-3.7.0.Final.jar:/Users/tonytucker/repository/com/github/sgroschupf/zkclient/0.1/zkclient-0.1.jar:/Users/tonytucker/repository/junit/junit/4.12/junit-4.12.jar:/Users/tonytucker/repository/org/hamcrest/hamcrest-core/1.3/hamcrest-core-1.3.jar:/Users/tonytucker/repository/com/alibaba/fastjson/1.2.47/fastjson-1.2.47.jar:/Users/tonytucker/repository/javassist/javassist/3.12.1.GA/javassist-3.12.1.GA.jar:/Users/tonytucker/repository/commons-codec/commons-codec/1.10/commons-codec-1.10.jar:/Users/tonytucker/repository/org/mybatis/mybatis/3.4.5/mybatis-3.4.5.jar:/Users/tonytucker/repository/org/mybatis/mybatis-spring/1.3.1/mybatis-spring-1.3.1.jar:/Users/tonytucker/repository/com/github/miemiedev/mybatis-paginator/1.2.15/mybatis-paginator-1.2.15.jar:/Users/tonytucker/repository/org/slf4j/slf4j-api/1.7.2/slf4j-api-1.7.2.jar:/Users/tonytucker/repository/mysql/mysql-connector-java/8.0.18/mysql-connector-java-8.0.18.jar:/Users/tonytucker/repository/com/google/protobuf/protobuf-java/3.6.1/protobuf-java-3.6.1.jar:/Users/tonytucker/repository/com/alibaba/druid/1.0.9/druid-1.0.9.jar:/Library/Java/JavaVirtualMachines/jdk1.8.0_231.jdk/Contents/Home/jre/../lib/jconsole.jar:/Library/Java/JavaVirtualMachines/jdk1.8.0_231.jdk/Contents/Home/jre/../lib/tools.jar:/Users/tonytucker/repository/commons-fileupload/commons-fileupload/1.3.1/commons-fileupload-1.3.1.jar:/Users/tonytucker/repository/commons-io/commons-io/2.2/commons-io-2.2.jar:/Users/tonytucker/repository/javax/servlet/servlet-api/2.5/servlet-api-2.5.jar:, java.specification.name=Java Platform API Specification, java.class.version=52.0, sun.management.compiler=HotSpot 64-Bit Tiered Compilers, os.version=10.15, user.home=/Users/tonytucker, user.timezone=Asia/Shanghai, java.awt.printerjob=sun.lwawt.macosx.CPrinterJob, file.encoding=UTF-8, java.specification.version=1.8, idea.version2019.2.4=true, java.class.path=/Users/tonytucker/IdeaProjects/qingcheng_parent_auto/qingcheng_parent2/qingcheng_service_goods/target/test-classes:/Users/tonytucker/IdeaProjects/qingcheng_parent_auto/qingcheng_parent2/qingcheng_service_goods/target/classes:/Users/tonytucker/IdeaProjects/qingcheng_parent_auto/qingcheng_parent2/qingcheng_interface/target/qingcheng_interface-1.0-SNAPSHOT.jar:/Users/tonytucker/IdeaProjects/qingcheng_parent_auto/qingcheng_parent2/qingcheng_pojo/target/qingcheng_pojo-1.0-SNAPSHOT.jar:/Users/tonytucker/repository/javax/persistence/persistence-api/1.0/persistence-api-1.0.jar:/Users/tonytucker/repository/com/github/pagehelper/pagehelper/4.1.4/pagehelper-4.1.4.jar:/Users/tonytucker/repository/com/github/jsqlparser/jsqlparser/0.9.5/jsqlparser-0.9.5.jar:/Users/tonytucker/repository/tk/mybatis/mapper/4.1.5/mapper-4.1.5.jar:/Users/tonytucker/IdeaProjects/qingcheng_parent_auto/qingcheng_parent2/qingcheng_common_service/target/qingcheng_common_service-1.0-SNAPSHOT.jar:/Users/tonytucker/repository/xyz/downgoon/snowflake/1.0.0/snowflake-1.0.0.jar:/Users/tonytucker/IdeaProjects/qingcheng_parent_auto/qingcheng_parent2/qingcheng_common/target/qingcheng_common-1.0-SNAPSHOT.jar:/Users/tonytucker/repository/org/springframework/spring-context/5.0.5.RELEASE/spring-context-5.0.5.RELEASE.jar:/Users/tonytucker/repository/org/springframework/spring-aop/5.0.5.RELEASE/spring-aop-5.0.5.RELEASE.jar:/Users/tonytucker/repository/org/springframework/spring-core/5.0.5.RELEASE/spring-core-5.0.5.RELEASE.jar:/Users/tonytucker/repository/org/springframework/spring-jcl/5.0.5.RELEASE/spring-jcl-5.0.5.RELEASE.jar:/Users/tonytucker/repository/org/springframework/spring-expression/5.0.5.RELEASE/spring-expression-5.0.5.RELEASE.jar:/Users/tonytucker/repository/org/springframework/spring-beans/5.0.5.RELEASE/spring-beans-5.0.5.RELEASE.jar:/Users/tonytucker/repository/org/springframework/spring-web/5.0.5.RELEASE/spring-web-5.0.5.RELEASE.jar:/Users/tonytucker/repository/org/springframework/spring-webmvc/5.0.5.RELEASE/spring-webmvc-5.0.5.RELEASE.jar:/Users/tonytucker/repository/org/springframework/spring-jdbc/5.0.5.RELEASE/spring-jdbc-5.0.5.RELEASE.jar:/Users/tonytucker/repository/org/springframework/spring-tx/5.0.5.RELEASE/spring-tx-5.0.5.RELEASE.jar:/Users/tonytucker/repository/org/springframework/spring-aspects/5.0.5.RELEASE/spring-aspects-5.0.5.RELEASE.jar:/Users/tonytucker/repository/org/aspectj/aspectjweaver/1.8.13/aspectjweaver-1.8.13.jar:/Users/tonytucker/repository/org/springframework/spring-jms/5.0.5.RELEASE/spring-jms-5.0.5.RELEASE.jar:/Users/tonytucker/repository/org/springframework/spring-messaging/5.0.5.RELEASE/spring-messaging-5.0.5.RELEASE.jar:/Users/tonytucker/repository/org/springframework/spring-context-support/5.0.5.RELEASE/spring-context-support-5.0.5.RELEASE.jar:/Users/tonytucker/repository/org/springframework/spring-test/5.0.5.RELEASE/spring-test-5.0.5.RELEASE.jar:/Users/tonytucker/repository/com/alibaba/dubbo/2.6.0/dubbo-2.6.0.jar:/Users/tonytucker/repository/org/javassist/javassist/3.20.0-GA/javassist-3.20.0-GA.jar:/Users/tonytucker/repository/org/jboss/netty/netty/3.2.5.Final/netty-3.2.5.Final.jar:/Users/tonytucker/repository/org/apache/zookeeper/zookeeper/3.4.7/zookeeper-3.4.7.jar:/Users/tonytucker/repository/org/slf4j/slf4j-log4j12/1.6.1/slf4j-log4j12-1.6.1.jar:/Users/tonytucker/repository/log4j/log4j/1.2.16/log4j-1.2.16.jar:/Users/tonytucker/repository/jline/jline/0.9.94/jline-0.9.94.jar:/Users/tonytucker/repository/io/netty/netty/3.7.0.Final/netty-3.7.0.Final.jar:/Users/tonytucker/repository/com/github/sgroschupf/zkclient/0.1/zkclient-0.1.jar:/Users/tonytucker/repository/junit/junit/4.12/junit-4.12.jar:/Users/tonytucker/repository/org/hamcrest/hamcrest-core/1.3/hamcrest-core-1.3.jar:/Users/tonytucker/repository/com/alibaba/fastjson/1.2.47/fastjson-1.2.47.jar:/Users/tonytucker/repository/javassist/javassist/3.12.1.GA/javassist-3.12.1.GA.jar:/Users/tonytucker/repository/commons-codec/commons-codec/1.10/commons-codec-1.10.jar:/Users/tonytucker/repository/org/mybatis/mybatis/3.4.5/mybatis-3.4.5.jar:/Users/tonytucker/repository/org/mybatis/mybatis-spring/1.3.1/mybatis-spring-1.3.1.jar:/Users/tonytucker/repository/com/github/miemiedev/mybatis-paginator/1.2.15/mybatis-paginator-1.2.15.jar:/Users/tonytucker/repository/org/slf4j/slf4j-api/1.7.2/slf4j-api-1.7.2.jar:/Users/tonytucker/repository/mysql/mysql-connector-java/8.0.18/mysql-connector-java-8.0.18.jar:/Users/tonytucker/repository/com/google/protobuf/protobuf-java/3.6.1/protobuf-java-3.6.1.jar:/Users/tonytucker/repository/com/alibaba/druid/1.0.9/druid-1.0.9.jar:/Library/Java/JavaVirtualMachines/jdk1.8.0_231.jdk/Contents/Home/jre/../lib/jconsole.jar:/Library/Java/JavaVirtualMachines/jdk1.8.0_231.jdk/Contents/Home/jre/../lib/tools.jar:/Users/tonytucker/repository/commons-fileupload/commons-fileupload/1.3.1/commons-fileupload-1.3.1.jar:/Users/tonytucker/repository/commons-io/commons-io/2.2/commons-io-2.2.jar:/Users/tonytucker/repository/javax/servlet/servlet-api/2.5/servlet-api-2.5.jar:, user.name=tonytucker, java.vm.specification.version=1.8, sun.java.command=/Users/tonytucker/IdeaProjects/qingcheng_parent_auto/qingcheng_parent2/qingcheng_service_goods/target/surefire/surefirebooter5534554028698244495.jar /Users/tonytucker/IdeaProjects/qingcheng_parent_auto/qingcheng_parent2/qingcheng_service_goods/target/surefire/surefire1984779057948229300tmp /Users/tonytucker/IdeaProjects/qingcheng_parent_auto/qingcheng_parent2/qingcheng_service_goods/target/surefire/surefire_08487259325485552339tmp, java.home=/Library/Java/JavaVirtualMachines/jdk1.8.0_231.jdk/Contents/Home/jre, sun.arch.data.model=64, user.language=zh, java.specification.vendor=Oracle Corporation, awt.toolkit=sun.lwawt.macosx.LWCToolkit, java.vm.info=mixed mode, java.version=1.8.0_231, java.ext.dirs=/Users/tonytucker/Library/Java/Extensions:/Library/Java/JavaVirtualMachines/jdk1.8.0_231.jdk/Contents/Home/jre/lib/ext:/Library/Java/Extensions:/Network/Library/Java/Extensions:/System/Library/Java/Extensions:/usr/lib/java, sun.boot.class.path=/Library/Java/JavaVirtualMachines/jdk1.8.0_231.jdk/Contents/Home/jre/lib/resources.jar:/Library/Java/JavaVirtualMachines/jdk1.8.0_231.jdk/Contents/Home/jre/lib/rt.jar:/Library/Java/JavaVirtualMachines/jdk1.8.0_231.jdk/Contents/Home/jre/lib/sunrsasign.jar:/Library/Java/JavaVirtualMachines/jdk1.8.0_231.jdk/Contents/Home/jre/lib/jsse.jar:/Library/Java/JavaVirtualMachines/jdk1.8.0_231.jdk/Contents/Home/jre/lib/jce.jar:/Library/Java/JavaVirtualMachines/jdk1.8.0_231.jdk/Contents/Home/jre/lib/charsets.jar:/Library/Java/JavaVirtualMachines/jdk1.8.0_231.jdk/Contents/Home/jre/lib/jfr.jar:/Library/Java/JavaVirtualMachines/jdk1.8.0_231.jdk/Contents/Home/jre/classes, java.vendor=Oracle Corporation, localRepository=/Users/tonytucker/repository, file.separator=/, java.vendor.url.bug=http://bugreport.sun.com/bugreport/, sun.io.unicode.encoding=UnicodeBig, sun.cpu.endian=little, sun.cpu.isalist=}}, SystemEnvironmentPropertySource@497359413 {name=&apos;systemEnvironment&apos;, properties={PATH=/usr/local/bin:/usr/bin:/bin:/usr/sbin:/sbin:/Library/Apple/usr/bin:/Library/Apple/bin:export MAVEN_HOME=/Users/tonytucker/maven3:export PATH=$PATH:$MAVEN_HOME/bin:/Applications/VMware Fusion.app/Contents/Public:/Users/tonytucker/maven3/bin, SHELL=/bin/zsh, JAVA_MAIN_CLASS_62803=org.apache.maven.surefire.booter.ForkedBooter, OLDPWD=/Users/tonytucker/IdeaProjects/qingcheng_parent_auto/qingcheng_parent2/qingcheng_service_goods, USER=tonytucker, TMPDIR=/var/folders/m3/f0pjjzrs2qnclslzynpk635c0000gn/T/, SSH_AUTH_SOCK=/private/tmp/com.apple.launchd.bWZrQRH5KI/Listeners, XPC_FLAGS=0x0, MAVEN_HOME=/Users/tonytucker/maven3, VERSIONER_PYTHON_VERSION=2.7, JAVA_MAIN_CLASS_62728=org.codehaus.classworlds.Launcher, __CF_USER_TEXT_ENCODING=0x1F5:0x19:0x34, LOGNAME=tonytucker, LC_CTYPE=zh_CN.UTF-8, XPC_SERVICE_NAME=0, PWD=/Users/tonytucker/IdeaProjects/qingcheng_parent_auto/qingcheng_parent2/qingcheng_service_goods, HOME=/Users/tonytucker, SHLVL=1, _=/Library/Java/JavaVirtualMachines/jdk1.8.0_231.jdk/Contents/Home/jre/bin/java}}]
20:36:51,026  INFO XmlBeanDefinitionReader:316 - Loading XML bean definitions from class path resource [applicationContext-dao.xml]
20:36:51,063 DEBUG DefaultDocumentLoader:74 - Using JAXP provider [com.sun.org.apache.xerces.internal.jaxp.DocumentBuilderFactoryImpl]
20:36:51,129 DEBUG PluggableSchemaResolver:147 - Loading schema mappings from [META-INF/spring.schemas]
20:36:51,135 DEBUG PluggableSchemaResolver:153 - Loaded schema mappings: {http://www.springframework.org/schema/tx/spring-tx-4.3.xsd=org/springframework/transaction/config/spring-tx.xsd, http://www.springframework.org/schema/tx/spring-tx-2.5.xsd=org/springframework/transaction/config/spring-tx.xsd, http://www.springframework.org/schema/cache/spring-cache-4.2.xsd=org/springframework/cache/config/spring-cache.xsd, http://www.springframework.org/schema/aop/spring-aop-4.1.xsd=org/springframework/aop/config/spring-aop.xsd, http://www.springframework.org/schema/context/spring-context-3.1.xsd=org/springframework/context/config/spring-context.xsd, http://www.springframework.org/schema/jdbc/spring-jdbc-4.1.xsd=org/springframework/jdbc/config/spring-jdbc.xsd, http://www.springframework.org/schema/jms/spring-jms-2.5.xsd=org/springframework/jms/config/spring-jms.xsd, http://www.springframework.org/schema/mvc/spring-mvc-4.1.xsd=org/springframework/web/servlet/config/spring-mvc.xsd, http://www.springframework.org/schema/util/spring-util-3.0.xsd=org/springframework/beans/factory/xml/spring-util.xsd, http://mybatis.org/schema/mybatis-spring-1.2.xsd=org/mybatis/spring/config/mybatis-spring-1.2.xsd, http://www.springframework.org/schema/tool/spring-tool.xsd=org/springframework/beans/factory/xml/spring-tool.xsd, http://www.springframework.org/schema/aop/spring-aop-3.2.xsd=org/springframework/aop/config/spring-aop.xsd, http://www.springframework.org/schema/lang/spring-lang-4.1.xsd=org/springframework/scripting/config/spring-lang.xsd, http://www.springframework.org/schema/context/spring-context-4.0.xsd=org/springframework/context/config/spring-context.xsd, http://www.springframework.org/schema/mvc/spring-mvc-3.2.xsd=org/springframework/web/servlet/config/spring-mvc.xsd, http://www.springframework.org/schema/beans/spring-beans-4.2.xsd=org/springframework/beans/factory/xml/spring-beans.xsd, http://www.springframework.org/schema/tool/spring-tool-4.1.xsd=org/springframework/beans/factory/xml/spring-tool.xsd, http://www.springframework.org/schema/lang/spring-lang-3.2.xsd=org/springframework/scripting/config/spring-lang.xsd, http://www.springframework.org/schema/cache/spring-cache-3.2.xsd=org/springframework/cache/config/spring-cache.xsd, http://www.springframework.org/schema/jms/spring-jms-4.3.xsd=org/springframework/jms/config/spring-jms.xsd, http://www.springframework.org/schema/jee/spring-jee-4.1.xsd=org/springframework/ejb/config/spring-jee.xsd, http://www.springframework.org/schema/jdbc/spring-jdbc-3.1.xsd=org/springframework/jdbc/config/spring-jdbc.xsd, http://www.springframework.org/schema/util/spring-util-2.0.xsd=org/springframework/beans/factory/xml/spring-util.xsd, http://www.springframework.org/schema/task/spring-task-4.2.xsd=org/springframework/scheduling/config/spring-task.xsd, http://www.springframework.org/schema/tool/spring-tool-3.2.xsd=org/springframework/beans/factory/xml/spring-tool.xsd, http://www.springframework.org/schema/context/spring-context.xsd=org/springframework/context/config/spring-context.xsd, http://www.springframework.org/schema/tx/spring-tx-4.2.xsd=org/springframework/transaction/config/spring-tx.xsd, http://www.springframework.org/schema/cache/spring-cache-4.1.xsd=org/springframework/cache/config/spring-cache.xsd, http://www.springframework.org/schema/aop/spring-aop-4.0.xsd=org/springframework/aop/config/spring-aop.xsd, http://www.springframework.org/schema/jee/spring-jee-3.2.xsd=org/springframework/ejb/config/spring-jee.xsd, http://www.springframework.org/schema/context/spring-context-3.0.xsd=org/springframework/context/config/spring-context.xsd, http://www.springframework.org/schema/jdbc/spring-jdbc-4.0.xsd=org/springframework/jdbc/config/spring-jdbc.xsd, http://www.springframework.org/schema/mvc/spring-mvc-4.0.xsd=org/springframework/web/servlet/config/spring-mvc.xsd, http://www.springframework.org/schema/util/spring-util-4.3.xsd=org/springframework/beans/factory/xml/spring-util.xsd, http://www.springframework.org/schema/util/spring-util-2.5.xsd=org/springframework/beans/factory/xml/spring-util.xsd, http://www.springframework.org/schema/beans/spring-beans-3.2.xsd=org/springframework/beans/factory/xml/spring-beans.xsd, http://www.springframework.org/schema/aop/spring-aop-3.1.xsd=org/springframework/aop/config/spring-aop.xsd, http://www.springframework.org/schema/lang/spring-lang-4.0.xsd=org/springframework/scripting/config/spring-lang.xsd, http://www.springframework.org/schema/mvc/spring-mvc.xsd=org/springframework/web/servlet/config/spring-mvc.xsd, http://www.springframework.org/schema/mvc/spring-mvc-3.1.xsd=org/springframework/web/servlet/config/spring-mvc.xsd, http://www.springframework.org/schema/beans/spring-beans-4.1.xsd=org/springframework/beans/factory/xml/spring-beans.xsd, http://www.springframework.org/schema/tool/spring-tool-4.0.xsd=org/springframework/beans/factory/xml/spring-tool.xsd, http://www.springframework.org/schema/tx/spring-tx-3.2.xsd=org/springframework/transaction/config/spring-tx.xsd, http://www.springframework.org/schema/lang/spring-lang-3.1.xsd=org/springframework/scripting/config/spring-lang.xsd, http://www.springframework.org/schema/cache/spring-cache-3.1.xsd=org/springframework/cache/config/spring-cache.xsd, http://www.springframework.org/schema/jms/spring-jms-4.2.xsd=org/springframework/jms/config/spring-jms.xsd, http://www.springframework.org/schema/jee/spring-jee-4.0.xsd=org/springframework/ejb/config/spring-jee.xsd, http://www.springframework.org/schema/jdbc/spring-jdbc-3.0.xsd=org/springframework/jdbc/config/spring-jdbc.xsd, http://www.springframework.org/schema/task/spring-task-4.1.xsd=org/springframework/scheduling/config/spring-task.xsd, http://www.springframework.org/schema/jdbc/spring-jdbc.xsd=org/springframework/jdbc/config/spring-jdbc.xsd, http://www.springframework.org/schema/tool/spring-tool-3.1.xsd=org/springframework/beans/factory/xml/spring-tool.xsd, http://www.springframework.org/schema/tx/spring-tx-4.1.xsd=org/springframework/transaction/config/spring-tx.xsd, http://www.springframework.org/schema/cache/spring-cache-4.0.xsd=org/springframework/cache/config/spring-cache.xsd, http://code.alibabatech.com/schema/dubbo/dubbo.xsd=META-INF/dubbo.xsd, http://www.springframework.org/schema/jee/spring-jee-3.1.xsd=org/springframework/ejb/config/spring-jee.xsd, http://www.springframework.org/schema/util/spring-util-4.2.xsd=org/springframework/beans/factory/xml/spring-util.xsd, http://www.springframework.org/schema/task/spring-task-3.2.xsd=org/springframework/scheduling/config/spring-task.xsd, http://www.springframework.org/schema/beans/spring-beans-3.1.xsd=org/springframework/beans/factory/xml/spring-beans.xsd, http://www.springframework.org/schema/util/spring-util.xsd=org/springframework/beans/factory/xml/spring-util.xsd, http://www.springframework.org/schema/aop/spring-aop-3.0.xsd=org/springframework/aop/config/spring-aop.xsd, http://www.springframework.org/schema/jms/spring-jms-3.2.xsd=org/springframework/jms/config/spring-jms.xsd, http://www.springframework.org/schema/mvc/spring-mvc-3.0.xsd=org/springframework/web/servlet/config/spring-mvc.xsd, http://www.springframework.org/schema/beans/spring-beans-4.0.xsd=org/springframework/beans/factory/xml/spring-beans.xsd, http://www.springframework.org/schema/beans/spring-beans.xsd=org/springframework/beans/factory/xml/spring-beans.xsd, http://mybatis.org/schema/mybatis-spring.xsd=org/mybatis/spring/config/mybatis-spring-1.2.xsd, http://www.springframework.org/schema/tx/spring-tx-3.1.xsd=org/springframework/transaction/config/spring-tx.xsd, http://www.springframework.org/schema/lang/spring-lang-3.0.xsd=org/springframework/scripting/config/spring-lang.xsd, http://www.springframework.org/schema/context/spring-context-2.5.xsd=org/springframework/context/config/spring-context.xsd, http://www.springframework.org/schema/context/spring-context-4.3.xsd=org/springframework/context/config/spring-context.xsd, http://www.springframework.org/schema/jms/spring-jms-4.1.xsd=org/springframework/jms/config/spring-jms.xsd, http://www.springframework.org/schema/task/spring-task-4.0.xsd=org/springframework/scheduling/config/spring-task.xsd, http://www.springframework.org/schema/tool/spring-tool-3.0.xsd=org/springframework/beans/factory/xml/spring-tool.xsd, http://www.springframework.org/schema/tx/spring-tx-4.0.xsd=org/springframework/transaction/config/spring-tx.xsd, http://www.springframework.org/schema/aop/spring-aop-2.0.xsd=org/springframework/aop/config/spring-aop.xsd, http://www.springframework.org/schema/jee/spring-jee-3.0.xsd=org/springframework/ejb/config/spring-jee.xsd, http://www.springframework.org/schema/util/spring-util-4.1.xsd=org/springframework/beans/factory/xml/spring-util.xsd, http://www.springframework.org/schema/task/spring-task-3.1.xsd=org/springframework/scheduling/config/spring-task.xsd, http://www.springframework.org/schema/beans/spring-beans-3.0.xsd=org/springframework/beans/factory/xml/spring-beans.xsd, http://www.springframework.org/schema/jee/spring-jee.xsd=org/springframework/ejb/config/spring-jee.xsd, http://www.springframework.org/schema/jms/spring-jms.xsd=org/springframework/jms/config/spring-jms.xsd, http://www.springframework.org/schema/aop/spring-aop-2.5.xsd=org/springframework/aop/config/spring-aop.xsd, http://www.springframework.org/schema/aop/spring-aop-4.3.xsd=org/springframework/aop/config/spring-aop.xsd, http://www.springframework.org/schema/lang/spring-lang-2.0.xsd=org/springframework/scripting/config/spring-lang.xsd, http://www.springframework.org/schema/jdbc/spring-jdbc-4.3.xsd=org/springframework/jdbc/config/spring-jdbc.xsd, http://www.springframework.org/schema/jms/spring-jms-3.1.xsd=org/springframework/jms/config/spring-jms.xsd, http://www.springframework.org/schema/mvc/spring-mvc-4.3.xsd=org/springframework/web/servlet/config/spring-mvc.xsd, http://www.springframework.org/schema/util/spring-util-3.2.xsd=org/springframework/beans/factory/xml/spring-util.xsd, http://www.springframework.org/schema/task/spring-task.xsd=org/springframework/scheduling/config/spring-task.xsd, http://www.springframework.org/schema/tool/spring-tool-2.0.xsd=org/springframework/beans/factory/xml/spring-tool.xsd, http://www.springframework.org/schema/tx/spring-tx-3.0.xsd=org/springframework/transaction/config/spring-tx.xsd, http://www.springframework.org/schema/lang/spring-lang-2.5.xsd=org/springframework/scripting/config/spring-lang.xsd, http://www.springframework.org/schema/lang/spring-lang-4.3.xsd=org/springframework/scripting/config/spring-lang.xsd, http://www.springframework.org/schema/context/spring-context-4.2.xsd=org/springframework/context/config/spring-context.xsd, http://www.springframework.org/schema/jms/spring-jms-4.0.xsd=org/springframework/jms/config/spring-jms.xsd, http://www.springframework.org/schema/jee/spring-jee-2.0.xsd=org/springframework/ejb/config/spring-jee.xsd, http://www.springframework.org/schema/tool/spring-tool-4.3.xsd=org/springframework/beans/factory/xml/spring-tool.xsd, http://www.springframework.org/schema/tool/spring-tool-2.5.xsd=org/springframework/beans/factory/xml/spring-tool.xsd, http://www.springframework.org/schema/jee/spring-jee-4.3.xsd=org/springframework/ejb/config/spring-jee.xsd, http://www.springframework.org/schema/jee/spring-jee-2.5.xsd=org/springframework/ejb/config/spring-jee.xsd, http://www.springframework.org/schema/util/spring-util-4.0.xsd=org/springframework/beans/factory/xml/spring-util.xsd, http://www.springframework.org/schema/task/spring-task-3.0.xsd=org/springframework/scheduling/config/spring-task.xsd, http://www.springframework.org/schema/cache/spring-cache-4.3.xsd=org/springframework/cache/config/spring-cache.xsd, http://www.springframework.org/schema/aop/spring-aop-4.2.xsd=org/springframework/aop/config/spring-aop.xsd, http://www.springframework.org/schema/lang/spring-lang.xsd=org/springframework/scripting/config/spring-lang.xsd, http://www.springframework.org/schema/context/spring-context-3.2.xsd=org/springframework/context/config/spring-context.xsd, http://www.springframework.org/schema/jdbc/spring-jdbc-4.2.xsd=org/springframework/jdbc/config/spring-jdbc.xsd, http://www.springframework.org/schema/jms/spring-jms-3.0.xsd=org/springframework/jms/config/spring-jms.xsd, http://www.springframework.org/schema/mvc/spring-mvc-4.2.xsd=org/springframework/web/servlet/config/spring-mvc.xsd, http://www.springframework.org/schema/util/spring-util-3.1.xsd=org/springframework/beans/factory/xml/spring-util.xsd, http://www.springframework.org/schema/beans/spring-beans-2.0.xsd=org/springframework/beans/factory/xml/spring-beans.xsd, http://www.springframework.org/schema/cache/spring-cache.xsd=org/springframework/cache/config/spring-cache.xsd, http://www.springframework.org/schema/tx/spring-tx.xsd=org/springframework/transaction/config/spring-tx.xsd, http://www.springframework.org/schema/lang/spring-lang-4.2.xsd=org/springframework/scripting/config/spring-lang.xsd, http://www.springframework.org/schema/context/spring-context-4.1.xsd=org/springframework/context/config/spring-context.xsd, http://www.springframework.org/schema/beans/spring-beans-2.5.xsd=org/springframework/beans/factory/xml/spring-beans.xsd, http://www.springframework.org/schema/beans/spring-beans-4.3.xsd=org/springframework/beans/factory/xml/spring-beans.xsd, http://www.springframework.org/schema/tool/spring-tool-4.2.xsd=org/springframework/beans/factory/xml/spring-tool.xsd, http://www.springframework.org/schema/tx/spring-tx-2.0.xsd=org/springframework/transaction/config/spring-tx.xsd, http://www.springframework.org/schema/jee/spring-jee-4.2.xsd=org/springframework/ejb/config/spring-jee.xsd, http://www.springframework.org/schema/jdbc/spring-jdbc-3.2.xsd=org/springframework/jdbc/config/spring-jdbc.xsd, http://www.springframework.org/schema/task/spring-task-4.3.xsd=org/springframework/scheduling/config/spring-task.xsd, http://www.springframework.org/schema/aop/spring-aop.xsd=org/springframework/aop/config/spring-aop.xsd}
20:36:51,141 DEBUG PluggableSchemaResolver:123 - Found XML schema [http://www.springframework.org/schema/beans/spring-beans-4.2.xsd] in classpath: org/springframework/beans/factory/xml/spring-beans.xsd
20:36:51,237 DEBUG PluggableSchemaResolver:123 - Found XML schema [http://www.springframework.org/schema/context/spring-context.xsd] in classpath: org/springframework/context/config/spring-context.xsd
20:36:51,250 DEBUG PluggableSchemaResolver:123 - Found XML schema [http://www.springframework.org/schema/tool/spring-tool.xsd] in classpath: org/springframework/beans/factory/xml/spring-tool.xsd
20:36:51,264 DEBUG PluggableSchemaResolver:123 - Found XML schema [http://www.springframework.org/schema/tx/spring-tx.xsd] in classpath: org/springframework/transaction/config/spring-tx.xsd
20:36:51,277 DEBUG DefaultBeanDefinitionDocumentReader:96 - Loading bean definitions
20:36:51,297 DEBUG DefaultNamespaceHandlerResolver:163 - Loaded NamespaceHandler mappings: {http://www.springframework.org/schema/p=org.springframework.beans.factory.xml.SimplePropertyNamespaceHandler, http://www.springframework.org/schema/mvc=org.springframework.web.servlet.config.MvcNamespaceHandler, http://www.springframework.org/schema/util=org.springframework.beans.factory.xml.UtilNamespaceHandler, http://code.alibabatech.com/schema/dubbo=com.alibaba.dubbo.config.spring.schema.DubboNamespaceHandler, http://www.springframework.org/schema/jee=org.springframework.ejb.config.JeeNamespaceHandler, http://www.springframework.org/schema/aop=org.springframework.aop.config.AopNamespaceHandler, http://www.springframework.org/schema/jdbc=org.springframework.jdbc.config.JdbcNamespaceHandler, http://www.springframework.org/schema/cache=org.springframework.cache.config.CacheNamespaceHandler, http://mybatis.org/schema/mybatis-spring=org.mybatis.spring.config.NamespaceHandler, http://www.springframework.org/schema/c=org.springframework.beans.factory.xml.SimpleConstructorNamespaceHandler, http://www.springframework.org/schema/tx=org.springframework.transaction.config.TxNamespaceHandler, http://www.springframework.org/schema/jms=org.springframework.jms.config.JmsNamespaceHandler, http://www.springframework.org/schema/task=org.springframework.scheduling.config.TaskNamespaceHandler, http://www.springframework.org/schema/lang=org.springframework.scripting.config.LangNamespaceHandler, http://www.springframework.org/schema/context=org.springframework.context.config.ContextNamespaceHandler}
20:36:51,329 DEBUG BeanDefinitionParserDelegate:458 - Neither XML &apos;id&apos; nor &apos;name&apos; specified - using generated bean name [com.github.pagehelper.PageHelper#15bb6bea]
20:36:51,332 DEBUG BeanDefinitionParserDelegate:458 - Neither XML &apos;id&apos; nor &apos;name&apos; specified - using generated bean name [tk.mybatis.spring.mapper.MapperScannerConfigurer#0]
20:36:51,378 DEBUG PathMatchingResourcePatternResolver:321 - Resolved classpath location [com/qingcheng/service/impl/] to resources [URL [file:/Users/tonytucker/IdeaProjects/qingcheng_parent_auto/qingcheng_parent2/qingcheng_service_goods/target/classes/com/qingcheng/service/impl/]]
20:36:51,381 DEBUG PathMatchingResourcePatternResolver:721 - Looking for matching resources in directory tree [/Users/tonytucker/IdeaProjects/qingcheng_parent_auto/qingcheng_parent2/qingcheng_service_goods/target/classes/com/qingcheng/service/impl]
20:36:51,382 DEBUG PathMatchingResourcePatternResolver:783 - Searching directory [/Users/tonytucker/IdeaProjects/qingcheng_parent_auto/qingcheng_parent2/qingcheng_service_goods/target/classes/com/qingcheng/service/impl] for files matching pattern [/Users/tonytucker/IdeaProjects/qingcheng_parent_auto/qingcheng_parent2/qingcheng_service_goods/target/classes/com/qingcheng/service/impl/**/*.class]
20:36:51,395 DEBUG PathMatchingResourcePatternResolver:514 - Resolved location pattern [classpath*:com/qingcheng/service/impl/**/*.class] to resources [file [/Users/tonytucker/IdeaProjects/qingcheng_parent_auto/qingcheng_parent2/qingcheng_service_goods/target/classes/com/qingcheng/service/impl/AlbumServiceImpl.class], file [/Users/tonytucker/IdeaProjects/qingcheng_parent_auto/qingcheng_parent2/qingcheng_service_goods/target/classes/com/qingcheng/service/impl/AuditLogServiceImpl.class], file [/Users/tonytucker/IdeaProjects/qingcheng_parent_auto/qingcheng_parent2/qingcheng_service_goods/target/classes/com/qingcheng/service/impl/BrandServiceImpl.class], file [/Users/tonytucker/IdeaProjects/qingcheng_parent_auto/qingcheng_parent2/qingcheng_service_goods/target/classes/com/qingcheng/service/impl/CategoryServiceImpl.class], file [/Users/tonytucker/IdeaProjects/qingcheng_parent_auto/qingcheng_parent2/qingcheng_service_goods/target/classes/com/qingcheng/service/impl/ParaServiceImpl.class], file [/Users/tonytucker/IdeaProjects/qingcheng_parent_auto/qingcheng_parent2/qingcheng_service_goods/target/classes/com/qingcheng/service/impl/PrefServiceImpl.class], file [/Users/tonytucker/IdeaProjects/qingcheng_parent_auto/qingcheng_parent2/qingcheng_service_goods/target/classes/com/qingcheng/service/impl/SkuServiceImpl.class], file [/Users/tonytucker/IdeaProjects/qingcheng_parent_auto/qingcheng_parent2/qingcheng_service_goods/target/classes/com/qingcheng/service/impl/SpecServiceImpl.class], file [/Users/tonytucker/IdeaProjects/qingcheng_parent_auto/qingcheng_parent2/qingcheng_service_goods/target/classes/com/qingcheng/service/impl/SpuMarketableLogServiceImpl.class], file [/Users/tonytucker/IdeaProjects/qingcheng_parent_auto/qingcheng_parent2/qingcheng_service_goods/target/classes/com/qingcheng/service/impl/SpuServiceImpl.class], file [/Users/tonytucker/IdeaProjects/qingcheng_parent_auto/qingcheng_parent2/qingcheng_service_goods/target/classes/com/qingcheng/service/impl/TemplateServiceImpl.class]]
20:36:51,511 DEBUG XmlBeanDefinitionReader:230 - Loaded 17 bean definitions from location pattern [classpath:applicationContext-dao.xml]
20:36:51,516  INFO GenericApplicationContext:590 - Refreshing org.springframework.context.support.GenericApplicationContext@77ec78b9: startup date [Fri Dec 13 20:36:51 CST 2019]; root of context hierarchy
20:36:51,517 DEBUG GenericApplicationContext:624 - Bean factory for org.springframework.context.support.GenericApplicationContext@77ec78b9: org.springframework.beans.factory.support.DefaultListableBeanFactory@6193932a: defining beans [org.springframework.context.support.PropertySourcesPlaceholderConfigurer#0,dataSource,sqlSessionFactory,tk.mybatis.spring.mapper.MapperScannerConfigurer#0,transactionManager,org.springframework.transaction.config.internalTransactionalEventListenerFactory,org.springframework.aop.config.internalAutoProxyCreator,org.springframework.transaction.annotation.AnnotationTransactionAttributeSource#0,org.springframework.transaction.interceptor.TransactionInterceptor#0,org.springframework.transaction.config.internalTransactionAdvisor,auditLogService,org.springframework.context.annotation.internalConfigurationAnnotationProcessor,org.springframework.context.annotation.internalAutowiredAnnotationProcessor,org.springframework.context.annotation.internalRequiredAnnotationProcessor,org.springframework.context.annotation.internalCommonAnnotationProcessor,org.springframework.context.event.internalEventListenerProcessor,org.springframework.context.event.internalEventListenerFactory]; root of factory hierarchy
20:36:51,575 DEBUG DefaultListableBeanFactory:219 - Creating shared instance of singleton bean &apos;org.springframework.context.annotation.internalConfigurationAnnotationProcessor&apos;
20:36:51,576 DEBUG DefaultListableBeanFactory:466 - Creating instance of bean &apos;org.springframework.context.annotation.internalConfigurationAnnotationProcessor&apos;
20:36:51,605 DEBUG DefaultListableBeanFactory:569 - Eagerly caching bean &apos;org.springframework.context.annotation.internalConfigurationAnnotationProcessor&apos; to allow for resolving potential circular references
20:36:51,608 DEBUG DefaultListableBeanFactory:503 - Finished creating instance of bean &apos;org.springframework.context.annotation.internalConfigurationAnnotationProcessor&apos;
20:36:51,669 DEBUG DefaultListableBeanFactory:219 - Creating shared instance of singleton bean &apos;tk.mybatis.spring.mapper.MapperScannerConfigurer#0&apos;
20:36:51,670 DEBUG DefaultListableBeanFactory:466 - Creating instance of bean &apos;tk.mybatis.spring.mapper.MapperScannerConfigurer#0&apos;
20:36:51,676 DEBUG DefaultListableBeanFactory:569 - Eagerly caching bean &apos;tk.mybatis.spring.mapper.MapperScannerConfigurer#0&apos; to allow for resolving potential circular references
20:36:51,749 DEBUG DefaultListableBeanFactory:1747 - Invoking afterPropertiesSet() on bean with name &apos;tk.mybatis.spring.mapper.MapperScannerConfigurer#0&apos;
20:36:51,750 DEBUG DefaultListableBeanFactory:503 - Finished creating instance of bean &apos;tk.mybatis.spring.mapper.MapperScannerConfigurer#0&apos;
20:36:51,752 DEBUG StandardEnvironment:109 - Adding PropertySource &apos;systemProperties&apos; with lowest search precedence
20:36:51,753 DEBUG StandardEnvironment:109 - Adding PropertySource &apos;systemEnvironment&apos; with lowest search precedence
20:36:51,755 DEBUG StandardEnvironment:125 - Initialized StandardEnvironment with PropertySources [MapPropertySource@1647809929 {name=&apos;systemProperties&apos;, properties={java.runtime.name=Java(TM) SE Runtime Environment, sun.boot.library.path=/Library/Java/JavaVirtualMachines/jdk1.8.0_231.jdk/Contents/Home/jre/lib, java.vm.version=25.231-b11, gopherProxySet=false, java.vm.vendor=Oracle Corporation, java.vendor.url=http://java.oracle.com/, path.separator=:, java.vm.name=Java HotSpot(TM) 64-Bit Server VM, file.encoding.pkg=sun.io, user.country=CN, sun.java.launcher=SUN_STANDARD, sun.os.patch.level=unknown, java.vm.specification.name=Java Virtual Machine Specification, user.dir=/Users/tonytucker/IdeaProjects/qingcheng_parent_auto/qingcheng_parent2/qingcheng_service_goods, java.runtime.version=1.8.0_231-b11, basedir=/Users/tonytucker/IdeaProjects/qingcheng_parent_auto/qingcheng_parent2/qingcheng_service_goods, java.awt.graphicsenv=sun.awt.CGraphicsEnvironment, java.endorsed.dirs=/Library/Java/JavaVirtualMachines/jdk1.8.0_231.jdk/Contents/Home/jre/lib/endorsed, os.arch=x86_64, surefire.real.class.path=/Users/tonytucker/IdeaProjects/qingcheng_parent_auto/qingcheng_parent2/qingcheng_service_goods/target/surefire/surefirebooter5534554028698244495.jar, java.io.tmpdir=/var/folders/m3/f0pjjzrs2qnclslzynpk635c0000gn/T/, line.separator=
, java.vm.specification.vendor=Oracle Corporation, os.name=Mac OS X, sun.jnu.encoding=UTF-8, java.library.path=/Users/tonytucker/Library/Java/Extensions:/Library/Java/Extensions:/Network/Library/Java/Extensions:/System/Library/Java/Extensions:/usr/lib/java:., surefire.test.class.path=/Users/tonytucker/IdeaProjects/qingcheng_parent_auto/qingcheng_parent2/qingcheng_service_goods/target/test-classes:/Users/tonytucker/IdeaProjects/qingcheng_parent_auto/qingcheng_parent2/qingcheng_service_goods/target/classes:/Users/tonytucker/IdeaProjects/qingcheng_parent_auto/qingcheng_parent2/qingcheng_interface/target/qingcheng_interface-1.0-SNAPSHOT.jar:/Users/tonytucker/IdeaProjects/qingcheng_parent_auto/qingcheng_parent2/qingcheng_pojo/target/qingcheng_pojo-1.0-SNAPSHOT.jar:/Users/tonytucker/repository/javax/persistence/persistence-api/1.0/persistence-api-1.0.jar:/Users/tonytucker/repository/com/github/pagehelper/pagehelper/4.1.4/pagehelper-4.1.4.jar:/Users/tonytucker/repository/com/github/jsqlparser/jsqlparser/0.9.5/jsqlparser-0.9.5.jar:/Users/tonytucker/repository/tk/mybatis/mapper/4.1.5/mapper-4.1.5.jar:/Users/tonytucker/IdeaProjects/qingcheng_parent_auto/qingcheng_parent2/qingcheng_common_service/target/qingcheng_common_service-1.0-SNAPSHOT.jar:/Users/tonytucker/repository/xyz/downgoon/snowflake/1.0.0/snowflake-1.0.0.jar:/Users/tonytucker/IdeaProjects/qingcheng_parent_auto/qingcheng_parent2/qingcheng_common/target/qingcheng_common-1.0-SNAPSHOT.jar:/Users/tonytucker/repository/org/springframework/spring-context/5.0.5.RELEASE/spring-context-5.0.5.RELEASE.jar:/Users/tonytucker/repository/org/springframework/spring-aop/5.0.5.RELEASE/spring-aop-5.0.5.RELEASE.jar:/Users/tonytucker/repository/org/springframework/spring-core/5.0.5.RELEASE/spring-core-5.0.5.RELEASE.jar:/Users/tonytucker/repository/org/springframework/spring-jcl/5.0.5.RELEASE/spring-jcl-5.0.5.RELEASE.jar:/Users/tonytucker/repository/org/springframework/spring-expression/5.0.5.RELEASE/spring-expression-5.0.5.RELEASE.jar:/Users/tonytucker/repository/org/springframework/spring-beans/5.0.5.RELEASE/spring-beans-5.0.5.RELEASE.jar:/Users/tonytucker/repository/org/springframework/spring-web/5.0.5.RELEASE/spring-web-5.0.5.RELEASE.jar:/Users/tonytucker/repository/org/springframework/spring-webmvc/5.0.5.RELEASE/spring-webmvc-5.0.5.RELEASE.jar:/Users/tonytucker/repository/org/springframework/spring-jdbc/5.0.5.RELEASE/spring-jdbc-5.0.5.RELEASE.jar:/Users/tonytucker/repository/org/springframework/spring-tx/5.0.5.RELEASE/spring-tx-5.0.5.RELEASE.jar:/Users/tonytucker/repository/org/springframework/spring-aspects/5.0.5.RELEASE/spring-aspects-5.0.5.RELEASE.jar:/Users/tonytucker/repository/org/aspectj/aspectjweaver/1.8.13/aspectjweaver-1.8.13.jar:/Users/tonytucker/repository/org/springframework/spring-jms/5.0.5.RELEASE/spring-jms-5.0.5.RELEASE.jar:/Users/tonytucker/repository/org/springframework/spring-messaging/5.0.5.RELEASE/spring-messaging-5.0.5.RELEASE.jar:/Users/tonytucker/repository/org/springframework/spring-context-support/5.0.5.RELEASE/spring-context-support-5.0.5.RELEASE.jar:/Users/tonytucker/repository/org/springframework/spring-test/5.0.5.RELEASE/spring-test-5.0.5.RELEASE.jar:/Users/tonytucker/repository/com/alibaba/dubbo/2.6.0/dubbo-2.6.0.jar:/Users/tonytucker/repository/org/javassist/javassist/3.20.0-GA/javassist-3.20.0-GA.jar:/Users/tonytucker/repository/org/jboss/netty/netty/3.2.5.Final/netty-3.2.5.Final.jar:/Users/tonytucker/repository/org/apache/zookeeper/zookeeper/3.4.7/zookeeper-3.4.7.jar:/Users/tonytucker/repository/org/slf4j/slf4j-log4j12/1.6.1/slf4j-log4j12-1.6.1.jar:/Users/tonytucker/repository/log4j/log4j/1.2.16/log4j-1.2.16.jar:/Users/tonytucker/repository/jline/jline/0.9.94/jline-0.9.94.jar:/Users/tonytucker/repository/io/netty/netty/3.7.0.Final/netty-3.7.0.Final.jar:/Users/tonytucker/repository/com/github/sgroschupf/zkclient/0.1/zkclient-0.1.jar:/Users/tonytucker/repository/junit/junit/4.12/junit-4.12.jar:/Users/tonytucker/repository/org/hamcrest/hamcrest-core/1.3/hamcrest-core-1.3.jar:/Users/tonytucker/repository/com/alibaba/fastjson/1.2.47/fastjson-1.2.47.jar:/Users/tonytucker/repository/javassist/javassist/3.12.1.GA/javassist-3.12.1.GA.jar:/Users/tonytucker/repository/commons-codec/commons-codec/1.10/commons-codec-1.10.jar:/Users/tonytucker/repository/org/mybatis/mybatis/3.4.5/mybatis-3.4.5.jar:/Users/tonytucker/repository/org/mybatis/mybatis-spring/1.3.1/mybatis-spring-1.3.1.jar:/Users/tonytucker/repository/com/github/miemiedev/mybatis-paginator/1.2.15/mybatis-paginator-1.2.15.jar:/Users/tonytucker/repository/org/slf4j/slf4j-api/1.7.2/slf4j-api-1.7.2.jar:/Users/tonytucker/repository/mysql/mysql-connector-java/8.0.18/mysql-connector-java-8.0.18.jar:/Users/tonytucker/repository/com/google/protobuf/protobuf-java/3.6.1/protobuf-java-3.6.1.jar:/Users/tonytucker/repository/com/alibaba/druid/1.0.9/druid-1.0.9.jar:/Library/Java/JavaVirtualMachines/jdk1.8.0_231.jdk/Contents/Home/jre/../lib/jconsole.jar:/Library/Java/JavaVirtualMachines/jdk1.8.0_231.jdk/Contents/Home/jre/../lib/tools.jar:/Users/tonytucker/repository/commons-fileupload/commons-fileupload/1.3.1/commons-fileupload-1.3.1.jar:/Users/tonytucker/repository/commons-io/commons-io/2.2/commons-io-2.2.jar:/Users/tonytucker/repository/javax/servlet/servlet-api/2.5/servlet-api-2.5.jar:, java.specification.name=Java Platform API Specification, java.class.version=52.0, sun.management.compiler=HotSpot 64-Bit Tiered Compilers, os.version=10.15, user.home=/Users/tonytucker, user.timezone=Asia/Shanghai, java.awt.printerjob=sun.lwawt.macosx.CPrinterJob, file.encoding=UTF-8, java.specification.version=1.8, idea.version2019.2.4=true, java.class.path=/Users/tonytucker/IdeaProjects/qingcheng_parent_auto/qingcheng_parent2/qingcheng_service_goods/target/test-classes:/Users/tonytucker/IdeaProjects/qingcheng_parent_auto/qingcheng_parent2/qingcheng_service_goods/target/classes:/Users/tonytucker/IdeaProjects/qingcheng_parent_auto/qingcheng_parent2/qingcheng_interface/target/qingcheng_interface-1.0-SNAPSHOT.jar:/Users/tonytucker/IdeaProjects/qingcheng_parent_auto/qingcheng_parent2/qingcheng_pojo/target/qingcheng_pojo-1.0-SNAPSHOT.jar:/Users/tonytucker/repository/javax/persistence/persistence-api/1.0/persistence-api-1.0.jar:/Users/tonytucker/repository/com/github/pagehelper/pagehelper/4.1.4/pagehelper-4.1.4.jar:/Users/tonytucker/repository/com/github/jsqlparser/jsqlparser/0.9.5/jsqlparser-0.9.5.jar:/Users/tonytucker/repository/tk/mybatis/mapper/4.1.5/mapper-4.1.5.jar:/Users/tonytucker/IdeaProjects/qingcheng_parent_auto/qingcheng_parent2/qingcheng_common_service/target/qingcheng_common_service-1.0-SNAPSHOT.jar:/Users/tonytucker/repository/xyz/downgoon/snowflake/1.0.0/snowflake-1.0.0.jar:/Users/tonytucker/IdeaProjects/qingcheng_parent_auto/qingcheng_parent2/qingcheng_common/target/qingcheng_common-1.0-SNAPSHOT.jar:/Users/tonytucker/repository/org/springframework/spring-context/5.0.5.RELEASE/spring-context-5.0.5.RELEASE.jar:/Users/tonytucker/repository/org/springframework/spring-aop/5.0.5.RELEASE/spring-aop-5.0.5.RELEASE.jar:/Users/tonytucker/repository/org/springframework/spring-core/5.0.5.RELEASE/spring-core-5.0.5.RELEASE.jar:/Users/tonytucker/repository/org/springframework/spring-jcl/5.0.5.RELEASE/spring-jcl-5.0.5.RELEASE.jar:/Users/tonytucker/repository/org/springframework/spring-expression/5.0.5.RELEASE/spring-expression-5.0.5.RELEASE.jar:/Users/tonytucker/repository/org/springframework/spring-beans/5.0.5.RELEASE/spring-beans-5.0.5.RELEASE.jar:/Users/tonytucker/repository/org/springframework/spring-web/5.0.5.RELEASE/spring-web-5.0.5.RELEASE.jar:/Users/tonytucker/repository/org/springframework/spring-webmvc/5.0.5.RELEASE/spring-webmvc-5.0.5.RELEASE.jar:/Users/tonytucker/repository/org/springframework/spring-jdbc/5.0.5.RELEASE/spring-jdbc-5.0.5.RELEASE.jar:/Users/tonytucker/repository/org/springframework/spring-tx/5.0.5.RELEASE/spring-tx-5.0.5.RELEASE.jar:/Users/tonytucker/repository/org/springframework/spring-aspects/5.0.5.RELEASE/spring-aspects-5.0.5.RELEASE.jar:/Users/tonytucker/repository/org/aspectj/aspectjweaver/1.8.13/aspectjweaver-1.8.13.jar:/Users/tonytucker/repository/org/springframework/spring-jms/5.0.5.RELEASE/spring-jms-5.0.5.RELEASE.jar:/Users/tonytucker/repository/org/springframework/spring-messaging/5.0.5.RELEASE/spring-messaging-5.0.5.RELEASE.jar:/Users/tonytucker/repository/org/springframework/spring-context-support/5.0.5.RELEASE/spring-context-support-5.0.5.RELEASE.jar:/Users/tonytucker/repository/org/springframework/spring-test/5.0.5.RELEASE/spring-test-5.0.5.RELEASE.jar:/Users/tonytucker/repository/com/alibaba/dubbo/2.6.0/dubbo-2.6.0.jar:/Users/tonytucker/repository/org/javassist/javassist/3.20.0-GA/javassist-3.20.0-GA.jar:/Users/tonytucker/repository/org/jboss/netty/netty/3.2.5.Final/netty-3.2.5.Final.jar:/Users/tonytucker/repository/org/apache/zookeeper/zookeeper/3.4.7/zookeeper-3.4.7.jar:/Users/tonytucker/repository/org/slf4j/slf4j-log4j12/1.6.1/slf4j-log4j12-1.6.1.jar:/Users/tonytucker/repository/log4j/log4j/1.2.16/log4j-1.2.16.jar:/Users/tonytucker/repository/jline/jline/0.9.94/jline-0.9.94.jar:/Users/tonytucker/repository/io/netty/netty/3.7.0.Final/netty-3.7.0.Final.jar:/Users/tonytucker/repository/com/github/sgroschupf/zkclient/0.1/zkclient-0.1.jar:/Users/tonytucker/repository/junit/junit/4.12/junit-4.12.jar:/Users/tonytucker/repository/org/hamcrest/hamcrest-core/1.3/hamcrest-core-1.3.jar:/Users/tonytucker/repository/com/alibaba/fastjson/1.2.47/fastjson-1.2.47.jar:/Users/tonytucker/repository/javassist/javassist/3.12.1.GA/javassist-3.12.1.GA.jar:/Users/tonytucker/repository/commons-codec/commons-codec/1.10/commons-codec-1.10.jar:/Users/tonytucker/repository/org/mybatis/mybatis/3.4.5/mybatis-3.4.5.jar:/Users/tonytucker/repository/org/mybatis/mybatis-spring/1.3.1/mybatis-spring-1.3.1.jar:/Users/tonytucker/repository/com/github/miemiedev/mybatis-paginator/1.2.15/mybatis-paginator-1.2.15.jar:/Users/tonytucker/repository/org/slf4j/slf4j-api/1.7.2/slf4j-api-1.7.2.jar:/Users/tonytucker/repository/mysql/mysql-connector-java/8.0.18/mysql-connector-java-8.0.18.jar:/Users/tonytucker/repository/com/google/protobuf/protobuf-java/3.6.1/protobuf-java-3.6.1.jar:/Users/tonytucker/repository/com/alibaba/druid/1.0.9/druid-1.0.9.jar:/Library/Java/JavaVirtualMachines/jdk1.8.0_231.jdk/Contents/Home/jre/../lib/jconsole.jar:/Library/Java/JavaVirtualMachines/jdk1.8.0_231.jdk/Contents/Home/jre/../lib/tools.jar:/Users/tonytucker/repository/commons-fileupload/commons-fileupload/1.3.1/commons-fileupload-1.3.1.jar:/Users/tonytucker/repository/commons-io/commons-io/2.2/commons-io-2.2.jar:/Users/tonytucker/repository/javax/servlet/servlet-api/2.5/servlet-api-2.5.jar:, user.name=tonytucker, java.vm.specification.version=1.8, sun.java.command=/Users/tonytucker/IdeaProjects/qingcheng_parent_auto/qingcheng_parent2/qingcheng_service_goods/target/surefire/surefirebooter5534554028698244495.jar /Users/tonytucker/IdeaProjects/qingcheng_parent_auto/qingcheng_parent2/qingcheng_service_goods/target/surefire/surefire1984779057948229300tmp /Users/tonytucker/IdeaProjects/qingcheng_parent_auto/qingcheng_parent2/qingcheng_service_goods/target/surefire/surefire_08487259325485552339tmp, java.home=/Library/Java/JavaVirtualMachines/jdk1.8.0_231.jdk/Contents/Home/jre, sun.arch.data.model=64, user.language=zh, java.specification.vendor=Oracle Corporation, awt.toolkit=sun.lwawt.macosx.LWCToolkit, java.vm.info=mixed mode, java.version=1.8.0_231, java.ext.dirs=/Users/tonytucker/Library/Java/Extensions:/Library/Java/JavaVirtualMachines/jdk1.8.0_231.jdk/Contents/Home/jre/lib/ext:/Library/Java/Extensions:/Network/Library/Java/Extensions:/System/Library/Java/Extensions:/usr/lib/java, sun.boot.class.path=/Library/Java/JavaVirtualMachines/jdk1.8.0_231.jdk/Contents/Home/jre/lib/resources.jar:/Library/Java/JavaVirtualMachines/jdk1.8.0_231.jdk/Contents/Home/jre/lib/rt.jar:/Library/Java/JavaVirtualMachines/jdk1.8.0_231.jdk/Contents/Home/jre/lib/sunrsasign.jar:/Library/Java/JavaVirtualMachines/jdk1.8.0_231.jdk/Contents/Home/jre/lib/jsse.jar:/Library/Java/JavaVirtualMachines/jdk1.8.0_231.jdk/Contents/Home/jre/lib/jce.jar:/Library/Java/JavaVirtualMachines/jdk1.8.0_231.jdk/Contents/Home/jre/lib/charsets.jar:/Library/Java/JavaVirtualMachines/jdk1.8.0_231.jdk/Contents/Home/jre/lib/jfr.jar:/Library/Java/JavaVirtualMachines/jdk1.8.0_231.jdk/Contents/Home/jre/classes, java.vendor=Oracle Corporation, localRepository=/Users/tonytucker/repository, file.separator=/, java.vendor.url.bug=http://bugreport.sun.com/bugreport/, sun.io.unicode.encoding=UnicodeBig, sun.cpu.endian=little, sun.cpu.isalist=}}, SystemEnvironmentPropertySource@1258084361 {name=&apos;systemEnvironment&apos;, properties={PATH=/usr/local/bin:/usr/bin:/bin:/usr/sbin:/sbin:/Library/Apple/usr/bin:/Library/Apple/bin:export MAVEN_HOME=/Users/tonytucker/maven3:export PATH=$PATH:$MAVEN_HOME/bin:/Applications/VMware Fusion.app/Contents/Public:/Users/tonytucker/maven3/bin, SHELL=/bin/zsh, JAVA_MAIN_CLASS_62803=org.apache.maven.surefire.booter.ForkedBooter, OLDPWD=/Users/tonytucker/IdeaProjects/qingcheng_parent_auto/qingcheng_parent2/qingcheng_service_goods, USER=tonytucker, TMPDIR=/var/folders/m3/f0pjjzrs2qnclslzynpk635c0000gn/T/, SSH_AUTH_SOCK=/private/tmp/com.apple.launchd.bWZrQRH5KI/Listeners, XPC_FLAGS=0x0, MAVEN_HOME=/Users/tonytucker/maven3, VERSIONER_PYTHON_VERSION=2.7, JAVA_MAIN_CLASS_62728=org.codehaus.classworlds.Launcher, __CF_USER_TEXT_ENCODING=0x1F5:0x19:0x34, LOGNAME=tonytucker, LC_CTYPE=zh_CN.UTF-8, XPC_SERVICE_NAME=0, PWD=/Users/tonytucker/IdeaProjects/qingcheng_parent_auto/qingcheng_parent2/qingcheng_service_goods, HOME=/Users/tonytucker, SHLVL=1, _=/Library/Java/JavaVirtualMachines/jdk1.8.0_231.jdk/Contents/Home/jre/bin/java}}]
20:36:51,764 DEBUG PathMatchingResourcePatternResolver:321 - Resolved classpath location [com/qingcheng/dao/] to resources [URL [file:/Users/tonytucker/IdeaProjects/qingcheng_parent_auto/qingcheng_parent2/qingcheng_service_goods/target/classes/com/qingcheng/dao/]]
20:36:51,765 DEBUG PathMatchingResourcePatternResolver:721 - Looking for matching resources in directory tree [/Users/tonytucker/IdeaProjects/qingcheng_parent_auto/qingcheng_parent2/qingcheng_service_goods/target/classes/com/qingcheng/dao]
20:36:51,765 DEBUG PathMatchingResourcePatternResolver:783 - Searching directory [/Users/tonytucker/IdeaProjects/qingcheng_parent_auto/qingcheng_parent2/qingcheng_service_goods/target/classes/com/qingcheng/dao] for files matching pattern [/Users/tonytucker/IdeaProjects/qingcheng_parent_auto/qingcheng_parent2/qingcheng_service_goods/target/classes/com/qingcheng/dao/**/*.class]
20:36:51,771 DEBUG PathMatchingResourcePatternResolver:514 - Resolved location pattern [classpath*:com/qingcheng/dao/**/*.class] to resources [file [/Users/tonytucker/IdeaProjects/qingcheng_parent_auto/qingcheng_parent2/qingcheng_service_goods/target/classes/com/qingcheng/dao/AlbumMapper.class], file [/Users/tonytucker/IdeaProjects/qingcheng_parent_auto/qingcheng_parent2/qingcheng_service_goods/target/classes/com/qingcheng/dao/AuditLogMapper.class], file [/Users/tonytucker/IdeaProjects/qingcheng_parent_auto/qingcheng_parent2/qingcheng_service_goods/target/classes/com/qingcheng/dao/BrandMapper.class], file [/Users/tonytucker/IdeaProjects/qingcheng_parent_auto/qingcheng_parent2/qingcheng_service_goods/target/classes/com/qingcheng/dao/CategoryBrandMapper.class], file [/Users/tonytucker/IdeaProjects/qingcheng_parent_auto/qingcheng_parent2/qingcheng_service_goods/target/classes/com/qingcheng/dao/CategoryMapper.class], file [/Users/tonytucker/IdeaProjects/qingcheng_parent_auto/qingcheng_parent2/qingcheng_service_goods/target/classes/com/qingcheng/dao/ConfigMapper.class], file [/Users/tonytucker/IdeaProjects/qingcheng_parent_auto/qingcheng_parent2/qingcheng_service_goods/target/classes/com/qingcheng/dao/ParaMapper.class], file [/Users/tonytucker/IdeaProjects/qingcheng_parent_auto/qingcheng_parent2/qingcheng_service_goods/target/classes/com/qingcheng/dao/PrefMapper.class], file [/Users/tonytucker/IdeaProjects/qingcheng_parent_auto/qingcheng_parent2/qingcheng_service_goods/target/classes/com/qingcheng/dao/SkuMapper.class], file [/Users/tonytucker/IdeaProjects/qingcheng_parent_auto/qingcheng_parent2/qingcheng_service_goods/target/classes/com/qingcheng/dao/SpecMapper.class], file [/Users/tonytucker/IdeaProjects/qingcheng_parent_auto/qingcheng_parent2/qingcheng_service_goods/target/classes/com/qingcheng/dao/SpuMapper.class], file [/Users/tonytucker/IdeaProjects/qingcheng_parent_auto/qingcheng_parent2/qingcheng_service_goods/target/classes/com/qingcheng/dao/SpuMarketableLogMapper.class], file [/Users/tonytucker/IdeaProjects/qingcheng_parent_auto/qingcheng_parent2/qingcheng_service_goods/target/classes/com/qingcheng/dao/TemplateMapper.class]]
20:36:51,778 DEBUG ClassPathMapperScanner:437 - Identified candidate component class: file [/Users/tonytucker/IdeaProjects/qingcheng_parent_auto/qingcheng_parent2/qingcheng_service_goods/target/classes/com/qingcheng/dao/AlbumMapper.class]
20:36:51,779 DEBUG ClassPathMapperScanner:437 - Identified candidate component class: file [/Users/tonytucker/IdeaProjects/qingcheng_parent_auto/qingcheng_parent2/qingcheng_service_goods/target/classes/com/qingcheng/dao/AuditLogMapper.class]
20:36:51,781 DEBUG ClassPathMapperScanner:437 - Identified candidate component class: file [/Users/tonytucker/IdeaProjects/qingcheng_parent_auto/qingcheng_parent2/qingcheng_service_goods/target/classes/com/qingcheng/dao/BrandMapper.class]
20:36:51,782 DEBUG ClassPathMapperScanner:437 - Identified candidate component class: file [/Users/tonytucker/IdeaProjects/qingcheng_parent_auto/qingcheng_parent2/qingcheng_service_goods/target/classes/com/qingcheng/dao/CategoryBrandMapper.class]
20:36:51,784 DEBUG ClassPathMapperScanner:437 - Identified candidate component class: file [/Users/tonytucker/IdeaProjects/qingcheng_parent_auto/qingcheng_parent2/qingcheng_service_goods/target/classes/com/qingcheng/dao/CategoryMapper.class]
20:36:51,785 DEBUG ClassPathMapperScanner:437 - Identified candidate component class: file [/Users/tonytucker/IdeaProjects/qingcheng_parent_auto/qingcheng_parent2/qingcheng_service_goods/target/classes/com/qingcheng/dao/ConfigMapper.class]
20:36:51,786 DEBUG ClassPathMapperScanner:437 - Identified candidate component class: file [/Users/tonytucker/IdeaProjects/qingcheng_parent_auto/qingcheng_parent2/qingcheng_service_goods/target/classes/com/qingcheng/dao/ParaMapper.class]
20:36:51,788 DEBUG ClassPathMapperScanner:437 - Identified candidate component class: file [/Users/tonytucker/IdeaProjects/qingcheng_parent_auto/qingcheng_parent2/qingcheng_service_goods/target/classes/com/qingcheng/dao/PrefMapper.class]
20:36:51,790 DEBUG ClassPathMapperScanner:437 - Identified candidate component class: file [/Users/tonytucker/IdeaProjects/qingcheng_parent_auto/qingcheng_parent2/qingcheng_service_goods/target/classes/com/qingcheng/dao/SkuMapper.class]
20:36:51,791 DEBUG ClassPathMapperScanner:437 - Identified candidate component class: file [/Users/tonytucker/IdeaProjects/qingcheng_parent_auto/qingcheng_parent2/qingcheng_service_goods/target/classes/com/qingcheng/dao/SpecMapper.class]
20:36:51,793 DEBUG ClassPathMapperScanner:437 - Identified candidate component class: file [/Users/tonytucker/IdeaProjects/qingcheng_parent_auto/qingcheng_parent2/qingcheng_service_goods/target/classes/com/qingcheng/dao/SpuMapper.class]
20:36:51,795 DEBUG ClassPathMapperScanner:437 - Identified candidate component class: file [/Users/tonytucker/IdeaProjects/qingcheng_parent_auto/qingcheng_parent2/qingcheng_service_goods/target/classes/com/qingcheng/dao/SpuMarketableLogMapper.class]
20:36:51,796 DEBUG ClassPathMapperScanner:437 - Identified candidate component class: file [/Users/tonytucker/IdeaProjects/qingcheng_parent_auto/qingcheng_parent2/qingcheng_service_goods/target/classes/com/qingcheng/dao/TemplateMapper.class]
20:36:51,803 DEBUG ClassPathMapperScanner:160 - Creating MapperFactoryBean with name &apos;albumMapper&apos; and &apos;com.qingcheng.dao.AlbumMapper&apos; mapperInterface
20:36:51,806 DEBUG ClassPathMapperScanner:206 - Enabling autowire by type for MapperFactoryBean with name &apos;albumMapper&apos;.
20:36:51,806 DEBUG ClassPathMapperScanner:160 - Creating MapperFactoryBean with name &apos;auditLogMapper&apos; and &apos;com.qingcheng.dao.AuditLogMapper&apos; mapperInterface
20:36:51,807 DEBUG ClassPathMapperScanner:206 - Enabling autowire by type for MapperFactoryBean with name &apos;auditLogMapper&apos;.
20:36:51,808 DEBUG ClassPathMapperScanner:160 - Creating MapperFactoryBean with name &apos;brandMapper&apos; and &apos;com.qingcheng.dao.BrandMapper&apos; mapperInterface
20:36:51,808 DEBUG ClassPathMapperScanner:206 - Enabling autowire by type for MapperFactoryBean with name &apos;brandMapper&apos;.
20:36:51,809 DEBUG ClassPathMapperScanner:160 - Creating MapperFactoryBean with name &apos;categoryBrandMapper&apos; and &apos;com.qingcheng.dao.CategoryBrandMapper&apos; mapperInterface
20:36:51,809 DEBUG ClassPathMapperScanner:206 - Enabling autowire by type for MapperFactoryBean with name &apos;categoryBrandMapper&apos;.
20:36:51,810 DEBUG ClassPathMapperScanner:160 - Creating MapperFactoryBean with name &apos;categoryMapper&apos; and &apos;com.qingcheng.dao.CategoryMapper&apos; mapperInterface
20:36:51,810 DEBUG ClassPathMapperScanner:206 - Enabling autowire by type for MapperFactoryBean with name &apos;categoryMapper&apos;.
20:36:51,811 DEBUG ClassPathMapperScanner:160 - Creating MapperFactoryBean with name &apos;configMapper&apos; and &apos;com.qingcheng.dao.ConfigMapper&apos; mapperInterface
20:36:51,811 DEBUG ClassPathMapperScanner:206 - Enabling autowire by type for MapperFactoryBean with name &apos;configMapper&apos;.
20:36:51,812 DEBUG ClassPathMapperScanner:160 - Creating MapperFactoryBean with name &apos;paraMapper&apos; and &apos;com.qingcheng.dao.ParaMapper&apos; mapperInterface
20:36:51,812 DEBUG ClassPathMapperScanner:206 - Enabling autowire by type for MapperFactoryBean with name &apos;paraMapper&apos;.
20:36:51,813 DEBUG ClassPathMapperScanner:160 - Creating MapperFactoryBean with name &apos;prefMapper&apos; and &apos;com.qingcheng.dao.PrefMapper&apos; mapperInterface
20:36:51,813 DEBUG ClassPathMapperScanner:206 - Enabling autowire by type for MapperFactoryBean with name &apos;prefMapper&apos;.
20:36:51,813 DEBUG ClassPathMapperScanner:160 - Creating MapperFactoryBean with name &apos;skuMapper&apos; and &apos;com.qingcheng.dao.SkuMapper&apos; mapperInterface
20:36:51,814 DEBUG ClassPathMapperScanner:206 - Enabling autowire by type for MapperFactoryBean with name &apos;skuMapper&apos;.
20:36:51,814 DEBUG ClassPathMapperScanner:160 - Creating MapperFactoryBean with name &apos;specMapper&apos; and &apos;com.qingcheng.dao.SpecMapper&apos; mapperInterface
20:36:51,815 DEBUG ClassPathMapperScanner:206 - Enabling autowire by type for MapperFactoryBean with name &apos;specMapper&apos;.
20:36:51,815 DEBUG ClassPathMapperScanner:160 - Creating MapperFactoryBean with name &apos;spuMapper&apos; and &apos;com.qingcheng.dao.SpuMapper&apos; mapperInterface
20:36:51,816 DEBUG ClassPathMapperScanner:206 - Enabling autowire by type for MapperFactoryBean with name &apos;spuMapper&apos;.
20:36:51,816 DEBUG ClassPathMapperScanner:160 - Creating MapperFactoryBean with name &apos;spuMarketableLogMapper&apos; and &apos;com.qingcheng.dao.SpuMarketableLogMapper&apos; mapperInterface
20:36:51,817 DEBUG ClassPathMapperScanner:206 - Enabling autowire by type for MapperFactoryBean with name &apos;spuMarketableLogMapper&apos;.
20:36:51,817 DEBUG ClassPathMapperScanner:160 - Creating MapperFactoryBean with name &apos;templateMapper&apos; and &apos;com.qingcheng.dao.TemplateMapper&apos; mapperInterface
20:36:51,818 DEBUG ClassPathMapperScanner:206 - Enabling autowire by type for MapperFactoryBean with name &apos;templateMapper&apos;.
20:36:51,829 DEBUG DefaultListableBeanFactory:219 - Creating shared instance of singleton bean &apos;org.springframework.context.support.PropertySourcesPlaceholderConfigurer#0&apos;
20:36:51,829 DEBUG DefaultListableBeanFactory:466 - Creating instance of bean &apos;org.springframework.context.support.PropertySourcesPlaceholderConfigurer#0&apos;
20:36:51,830 DEBUG DefaultListableBeanFactory:569 - Eagerly caching bean &apos;org.springframework.context.support.PropertySourcesPlaceholderConfigurer#0&apos; to allow for resolving potential circular references
20:36:51,865 DEBUG DefaultListableBeanFactory:503 - Finished creating instance of bean &apos;org.springframework.context.support.PropertySourcesPlaceholderConfigurer#0&apos;
20:36:51,866 DEBUG MutablePropertySources:109 - Adding PropertySource &apos;environmentProperties&apos; with lowest search precedence
[...]
pring-jdbc-5.0.5.RELEASE.jar:/Users/tonytucker/repository/org/springframework/spring-tx/5.0.5.RELEASE/spring-tx-5.0.5.RELEASE.jar:/Users/tonytucker/repository/org/springframework/spring-aspects/5.0.5.RELEASE/spring-aspects-5.0.5.RELEASE.jar:/Users/tonytucker/repository/org/aspectj/aspectjweaver/1.8.13/aspectjweaver-1.8.13.jar:/Users/tonytucker/repository/org/springframework/spring-jms/5.0.5.RELEASE/spring-jms-5.0.5.RELEASE.jar:/Users/tonytucker/repository/org/springframework/spring-messaging/5.0.5.RELEASE/spring-messaging-5.0.5.RELEASE.jar:/Users/tonytucker/repository/org/springframework/spring-context-support/5.0.5.RELEASE/spring-context-support-5.0.5.RELEASE.jar:/Users/tonytucker/repository/org/springframework/spring-test/5.0.5.RELEASE/spring-test-5.0.5.RELEASE.jar:/Users/tonytucker/repository/com/alibaba/dubbo/2.6.0/dubbo-2.6.0.jar:/Users/tonytucker/repository/org/javassist/javassist/3.20.0-GA/javassist-3.20.0-GA.jar:/Users/tonytucker/repository/org/jboss/netty/netty/3.2.5.Final/netty-3.2.5.Final.jar:/Users/tonytucker/repository/org/apache/zookeeper/zookeeper/3.4.7/zookeeper-3.4.7.jar:/Users/tonytucker/repository/org/slf4j/slf4j-log4j12/1.6.1/slf4j-log4j12-1.6.1.jar:/Users/tonytucker/repository/log4j/log4j/1.2.16/log4j-1.2.16.jar:/Users/tonytucker/repository/jline/jline/0.9.94/jline-0.9.94.jar:/Users/tonytucker/repository/io/netty/netty/3.7.0.Final/netty-3.7.0.Final.jar:/Users/tonytucker/repository/com/github/sgroschupf/zkclient/0.1/zkclient-0.1.jar:/Users/tonytucker/repository/junit/junit/4.12/junit-4.12.jar:/Users/tonytucker/repository/org/hamcrest/hamcrest-core/1.3/hamcrest-core-1.3.jar:/Users/tonytucker/repository/com/alibaba/fastjson/1.2.47/fastjson-1.2.47.jar:/Users/tonytucker/repository/javassist/javassist/3.12.1.GA/javassist-3.12.1.GA.jar:/Users/tonytucker/repository/commons-codec/commons-codec/1.10/commons-codec-1.10.jar:/Users/tonytucker/repository/org/mybatis/mybatis/3.4.5/mybatis-3.4.5.jar:/Users/tonytucker/repository/org/mybatis/mybatis-spring/1.3.1/mybatis-spring-1.3.1.jar:/Users/tonytucker/repository/com/github/miemiedev/mybatis-paginator/1.2.15/mybatis-paginator-1.2.15.jar:/Users/tonytucker/repository/org/slf4j/slf4j-api/1.7.2/slf4j-api-1.7.2.jar:/Users/tonytucker/repository/mysql/mysql-connector-java/8.0.18/mysql-connector-java-8.0.18.jar:/Users/tonytucker/repository/com/google/protobuf/protobuf-java/3.6.1/protobuf-java-3.6.1.jar:/Users/tonytucker/repository/com/alibaba/druid/1.0.9/druid-1.0.9.jar:/Library/Java/JavaVirtualMachines/jdk1.8.0_231.jdk/Contents/Home/jre/../lib/jconsole.jar:/Library/Java/JavaVirtualMachines/jdk1.8.0_231.jdk/Contents/Home/jre/../lib/tools.jar:/Users/tonytucker/repository/commons-fileupload/commons-fileupload/1.3.1/commons-fileupload-1.3.1.jar:/Users/tonytucker/repository/commons-io/commons-io/2.2/commons-io-2.2.jar:/Users/tonytucker/repository/javax/servlet/servlet-api/2.5/servlet-api-2.5.jar:, java.specification.name=Java Platform API Specification, java.class.version=52.0, sun.management.compiler=HotSpot 64-Bit Tiered Compilers, os.version=10.15, user.home=/Users/tonytucker, user.timezone=Asia/Shanghai, java.awt.printerjob=sun.lwawt.macosx.CPrinterJob, file.encoding=UTF-8, java.specification.version=1.8, idea.version2019.2.4=true, java.class.path=/Users/tonytucker/IdeaProjects/qingcheng_parent_auto/qingcheng_parent2/qingcheng_service_goods/target/test-classes:/Users/tonytucker/IdeaProjects/qingcheng_parent_auto/qingcheng_parent2/qingcheng_service_goods/target/classes:/Users/tonytucker/IdeaProjects/qingcheng_parent_auto/qingcheng_parent2/qingcheng_interface/target/qingcheng_interface-1.0-SNAPSHOT.jar:/Users/tonytucker/IdeaProjects/qingcheng_parent_auto/qingcheng_parent2/qingcheng_pojo/target/qingcheng_pojo-1.0-SNAPSHOT.jar:/Users/tonytucker/repository/javax/persistence/persistence-api/1.0/persistence-api-1.0.jar:/Users/tonytucker/repository/com/github/pagehelper/pagehelper/4.1.4/pagehelper-4.1.4.jar:/Users/tonytucker/repository/com/github/jsqlparser/jsqlparser/0.9.5/jsqlparser-0.9.5.jar:/Users/tonytucker/repository/tk/mybatis/mapper/4.1.5/mapper-4.1.5.jar:/Users/tonytucker/IdeaProjects/qingcheng_parent_auto/qingcheng_parent2/qingcheng_common_service/target/qingcheng_common_service-1.0-SNAPSHOT.jar:/Users/tonytucker/repository/xyz/downgoon/snowflake/1.0.0/snowflake-1.0.0.jar:/Users/tonytucker/IdeaProjects/qingcheng_parent_auto/qingcheng_parent2/qingcheng_common/target/qingcheng_common-1.0-SNAPSHOT.jar:/Users/tonytucker/repository/org/springframework/spring-context/5.0.5.RELEASE/spring-context-5.0.5.RELEASE.jar:/Users/tonytucker/repository/org/springframework/spring-aop/5.0.5.RELEASE/spring-aop-5.0.5.RELEASE.jar:/Users/tonytucker/repository/org/springframework/spring-core/5.0.5.RELEASE/spring-core-5.0.5.RELEASE.jar:/Users/tonytucker/repository/org/springframework/spring-jcl/5.0.5.RELEASE/spring-jcl-5.0.5.RELEASE.jar:/Users/tonytucker/repository/org/springframework/spring-expression/5.0.5.RELEASE/spring-expression-5.0.5.RELEASE.jar:/Users/tonytucker/repository/org/springframework/spring-beans/5.0.5.RELEASE/spring-beans-5.0.5.RELEASE.jar:/Users/tonytucker/repository/org/springframework/spring-web/5.0.5.RELEASE/spring-web-5.0.5.RELEASE.jar:/Users/tonytucker/repository/org/springframework/spring-webmvc/5.0.5.RELEASE/spring-webmvc-5.0.5.RELEASE.jar:/Users/tonytucker/repository/org/springframework/spring-jdbc/5.0.5.RELEASE/spring-jdbc-5.0.5.RELEASE.jar:/Users/tonytucker/repository/org/springframework/spring-tx/5.0.5.RELEASE/spring-tx-5.0.5.RELEASE.jar:/Users/tonytucker/repository/org/springframework/spring-aspects/5.0.5.RELEASE/spring-aspects-5.0.5.RELEASE.jar:/Users/tonytucker/repository/org/aspectj/aspectjweaver/1.8.13/aspectjweaver-1.8.13.jar:/Users/tonytucker/repository/org/springframework/spring-jms/5.0.5.RELEASE/spring-jms-5.0.5.RELEASE.jar:/Users/tonytucker/repository/org/springframework/spring-messaging/5.0.5.RELEASE/spring-messaging-5.0.5.RELEASE.jar:/Users/tonytucker/repository/org/springframework/spring-context-support/5.0.5.RELEASE/spring-context-support-5.0.5.RELEASE.jar:/Users/tonytucker/repository/org/springframework/spring-test/5.0.5.RELEASE/spring-test-5.0.5.RELEASE.jar:/Users/tonytucker/repository/com/alibaba/dubbo/2.6.0/dubbo-2.6.0.jar:/Users/tonytucker/repository/org/javassist/javassist/3.20.0-GA/javassist-3.20.0-GA.jar:/Users/tonytucker/repository/org/jboss/netty/netty/3.2.5.Final/netty-3.2.5.Final.jar:/Users/tonytucker/repository/org/apache/zookeeper/zookeeper/3.4.7/zookeeper-3.4.7.jar:/Users/tonytucker/repository/org/slf4j/slf4j-log4j12/1.6.1/slf4j-log4j12-1.6.1.jar:/Users/tonytucker/repository/log4j/log4j/1.2.16/log4j-1.2.16.jar:/Users/tonytucker/repository/jline/jline/0.9.94/jline-0.9.94.jar:/Users/tonytucker/repository/io/netty/netty/3.7.0.Final/netty-3.7.0.Final.jar:/Users/tonytucker/repository/com/github/sgroschupf/zkclient/0.1/zkclient-0.1.jar:/Users/tonytucker/repository/junit/junit/4.12/junit-4.12.jar:/Users/tonytucker/repository/org/hamcrest/hamcrest-core/1.3/hamcrest-core-1.3.jar:/Users/tonytucker/repository/com/alibaba/fastjson/1.2.47/fastjson-1.2.47.jar:/Users/tonytucker/repository/javassist/javassist/3.12.1.GA/javassist-3.12.1.GA.jar:/Users/tonytucker/repository/commons-codec/commons-codec/1.10/commons-codec-1.10.jar:/Users/tonytucker/repository/org/mybatis/mybatis/3.4.5/mybatis-3.4.5.jar:/Users/tonytucker/repository/org/mybatis/mybatis-spring/1.3.1/mybatis-spring-1.3.1.jar:/Users/tonytucker/repository/com/github/miemiedev/mybatis-paginator/1.2.15/mybatis-paginator-1.2.15.jar:/Users/tonytucker/repository/org/slf4j/slf4j-api/1.7.2/slf4j-api-1.7.2.jar:/Users/tonytucker/repository/mysql/mysql-connector-java/8.0.18/mysql-connector-java-8.0.18.jar:/Users/tonytucker/repository/com/google/protobuf/protobuf-java/3.6.1/protobuf-java-3.6.1.jar:/Users/tonytucker/repository/com/alibaba/druid/1.0.9/druid-1.0.9.jar:/Library/Java/JavaVirtualMachines/jdk1.8.0_231.jdk/Contents/Home/jre/../lib/jconsole.jar:/Library/Java/JavaVirtualMachines/jdk1.8.0_231.jdk/Contents/Home/jre/../lib/tools.jar:/Users/tonytucker/repository/commons-fileupload/commons-fileupload/1.3.1/commons-fileupload-1.3.1.jar:/Users/tonytucker/repository/commons-io/commons-io/2.2/commons-io-2.2.jar:/Users/tonytucker/repository/javax/servlet/servlet-api/2.5/servlet-api-2.5.jar:, user.name=tonytucker, java.vm.specification.version=1.8, sun.java.command=/Users/tonytucker/IdeaProjects/qingcheng_parent_auto/qingcheng_parent2/qingcheng_service_goods/target/surefire/surefirebooter5534554028698244495.jar /Users/tonytucker/IdeaProjects/qingcheng_parent_auto/qingcheng_parent2/qingcheng_service_goods/target/surefire/surefire1984779057948229300tmp /Users/tonytucker/IdeaProjects/qingcheng_parent_auto/qingcheng_parent2/qingcheng_service_goods/target/surefire/surefire_08487259325485552339tmp, java.home=/Library/Java/JavaVirtualMachines/jdk1.8.0_231.jdk/Contents/Home/jre, sun.arch.data.model=64, user.language=zh, java.specification.vendor=Oracle Corporation, awt.toolkit=sun.lwawt.macosx.LWCToolkit, java.vm.info=mixed mode, java.version=1.8.0_231, java.ext.dirs=/Users/tonytucker/Library/Java/Extensions:/Library/Java/JavaVirtualMachines/jdk1.8.0_231.jdk/Contents/Home/jre/lib/ext:/Library/Java/Extensions:/Network/Library/Java/Extensions:/System/Library/Java/Extensions:/usr/lib/java, sun.boot.class.path=/Library/Java/JavaVirtualMachines/jdk1.8.0_231.jdk/Contents/Home/jre/lib/resources.jar:/Library/Java/JavaVirtualMachines/jdk1.8.0_231.jdk/Contents/Home/jre/lib/rt.jar:/Library/Java/JavaVirtualMachines/jdk1.8.0_231.jdk/Contents/Home/jre/lib/sunrsasign.jar:/Library/Java/JavaVirtualMachines/jdk1.8.0_231.jdk/Contents/Home/jre/lib/jsse.jar:/Library/Java/JavaVirtualMachines/jdk1.8.0_231.jdk/Contents/Home/jre/lib/jce.jar:/Library/Java/JavaVirtualMachines/jdk1.8.0_231.jdk/Contents/Home/jre/lib/charsets.jar:/Library/Java/JavaVirtualMachines/jdk1.8.0_231.jdk/Contents/Home/jre/lib/jfr.jar:/Library/Java/JavaVirtualMachines/jdk1.8.0_231.jdk/Contents/Home/jre/classes, java.vendor=Oracle Corporation, localRepository=/Users/tonytucker/repository, file.separator=/, java.vendor.url.bug=http://bugreport.sun.com/bugreport/, sun.io.unicode.encoding=UnicodeBig, sun.cpu.endian=little, sun.cpu.isalist=}}, SystemEnvironmentPropertySource@254896875 {name=&apos;systemEnvironment&apos;, properties={PATH=/usr/local/bin:/usr/bin:/bin:/usr/sbin:/sbin:/Library/Apple/usr/bin:/Library/Apple/bin:export MAVEN_HOME=/Users/tonytucker/maven3:export PATH=$PATH:$MAVEN_HOME/bin:/Applications/VMware Fusion.app/Contents/Public:/Users/tonytucker/maven3/bin, SHELL=/bin/zsh, JAVA_MAIN_CLASS_62803=org.apache.maven.surefire.booter.ForkedBooter, OLDPWD=/Users/tonytucker/IdeaProjects/qingcheng_parent_auto/qingcheng_parent2/qingcheng_service_goods, USER=tonytucker, TMPDIR=/var/folders/m3/f0pjjzrs2qnclslzynpk635c0000gn/T/, SSH_AUTH_SOCK=/private/tmp/com.apple.launchd.bWZrQRH5KI/Listeners, XPC_FLAGS=0x0, MAVEN_HOME=/Users/tonytucker/maven3, VERSIONER_PYTHON_VERSION=2.7, JAVA_MAIN_CLASS_62728=org.codehaus.classworlds.Launcher, __CF_USER_TEXT_ENCODING=0x1F5:0x19:0x34, LOGNAME=tonytucker, LC_CTYPE=zh_CN.UTF-8, XPC_SERVICE_NAME=0, PWD=/Users/tonytucker/IdeaProjects/qingcheng_parent_auto/qingcheng_parent2/qingcheng_service_goods, HOME=/Users/tonytucker, SHLVL=1, _=/Library/Java/JavaVirtualMachines/jdk1.8.0_231.jdk/Contents/Home/jre/bin/java}}]
20:36:57,396  INFO XmlBeanDefinitionReader:316 - Loading XML bean definitions from class path resource [org/springframework/jdbc/support/sql-error-codes.xml]
20:36:57,400 DEBUG DefaultDocumentLoader:74 - Using JAXP provider [com.sun.org.apache.xerces.internal.jaxp.DocumentBuilderFactoryImpl]
20:36:57,409 DEBUG BeansDtdResolver:74 - Found beans DTD [http://www.springframework.org/dtd/spring-beans-2.0.dtd] in classpath: spring-beans.dtd
20:36:57,432 DEBUG DefaultBeanDefinitionDocumentReader:96 - Loading bean definitions
20:36:57,450 DEBUG DefaultListableBeanFactory:219 - Creating shared instance of singleton bean &apos;DB2&apos;
20:36:57,450 DEBUG DefaultListableBeanFactory:466 - Creating instance of bean &apos;DB2&apos;
20:36:57,451 DEBUG DefaultListableBeanFactory:569 - Eagerly caching bean &apos;DB2&apos; to allow for resolving potential circular references
20:36:57,462 DEBUG DefaultListableBeanFactory:503 - Finished creating instance of bean &apos;DB2&apos;
20:36:57,462 DEBUG DefaultListableBeanFactory:219 - Creating shared instance of singleton bean &apos;Derby&apos;
20:36:57,463 DEBUG DefaultListableBeanFactory:466 - Creating instance of bean &apos;Derby&apos;
20:36:57,464 DEBUG DefaultListableBeanFactory:569 - Eagerly caching bean &apos;Derby&apos; to allow for resolving potential circular references
20:36:57,466 DEBUG DefaultListableBeanFactory:503 - Finished creating instance of bean &apos;Derby&apos;
20:36:57,467 DEBUG DefaultListableBeanFactory:219 - Creating shared instance of singleton bean &apos;H2&apos;
20:36:57,468 DEBUG DefaultListableBeanFactory:466 - Creating instance of bean &apos;H2&apos;
20:36:57,469 DEBUG DefaultListableBeanFactory:569 - Eagerly caching bean &apos;H2&apos; to allow for resolving potential circular references
20:36:57,471 DEBUG DefaultListableBeanFactory:503 - Finished creating instance of bean &apos;H2&apos;
20:36:57,471 DEBUG DefaultListableBeanFactory:219 - Creating shared instance of singleton bean &apos;HDB&apos;
20:36:57,472 DEBUG DefaultListableBeanFactory:466 - Creating instance of bean &apos;HDB&apos;
20:36:57,472 DEBUG DefaultListableBeanFactory:569 - Eagerly caching bean &apos;HDB&apos; to allow for resolving potential circular references
20:36:57,476 DEBUG DefaultListableBeanFactory:503 - Finished creating instance of bean &apos;HDB&apos;
20:36:57,477 DEBUG DefaultListableBeanFactory:219 - Creating shared instance of singleton bean &apos;HSQL&apos;
20:36:57,477 DEBUG DefaultListableBeanFactory:466 - Creating instance of bean &apos;HSQL&apos;
20:36:57,478 DEBUG DefaultListableBeanFactory:569 - Eagerly caching bean &apos;HSQL&apos; to allow for resolving potential circular references
20:36:57,479 DEBUG DefaultListableBeanFactory:503 - Finished creating instance of bean &apos;HSQL&apos;
20:36:57,480 DEBUG DefaultListableBeanFactory:219 - Creating shared instance of singleton bean &apos;Informix&apos;
20:36:57,481 DEBUG DefaultListableBeanFactory:466 - Creating instance of bean &apos;Informix&apos;
20:36:57,481 DEBUG DefaultListableBeanFactory:569 - Eagerly caching bean &apos;Informix&apos; to allow for resolving potential circular references
20:36:57,483 DEBUG DefaultListableBeanFactory:503 - Finished creating instance of bean &apos;Informix&apos;
20:36:57,484 DEBUG DefaultListableBeanFactory:219 - Creating shared instance of singleton bean &apos;MS-SQL&apos;
20:36:57,485 DEBUG DefaultListableBeanFactory:466 - Creating instance of bean &apos;MS-SQL&apos;
20:36:57,486 DEBUG DefaultListableBeanFactory:569 - Eagerly caching bean &apos;MS-SQL&apos; to allow for resolving potential circular references
20:36:57,487 DEBUG DefaultListableBeanFactory:503 - Finished creating instance of bean &apos;MS-SQL&apos;
20:36:57,488 DEBUG DefaultListableBeanFactory:219 - Creating shared instance of singleton bean &apos;MySQL&apos;
20:36:57,489 DEBUG DefaultListableBeanFactory:466 - Creating instance of bean &apos;MySQL&apos;
20:36:57,490 DEBUG DefaultListableBeanFactory:569 - Eagerly caching bean &apos;MySQL&apos; to allow for resolving potential circular references
20:36:57,492 DEBUG DefaultListableBeanFactory:503 - Finished creating instance of bean &apos;MySQL&apos;
20:36:57,493 DEBUG DefaultListableBeanFactory:219 - Creating shared instance of singleton bean &apos;Oracle&apos;
20:36:57,493 DEBUG DefaultListableBeanFactory:466 - Creating instance of bean &apos;Oracle&apos;
20:36:57,494 DEBUG DefaultListableBeanFactory:569 - Eagerly caching bean &apos;Oracle&apos; to allow for resolving potential circular references
20:36:57,496 DEBUG DefaultListableBeanFactory:503 - Finished creating instance of bean &apos;Oracle&apos;
20:36:57,497 DEBUG DefaultListableBeanFactory:219 - Creating shared instance of singleton bean &apos;PostgreSQL&apos;
20:36:57,498 DEBUG DefaultListableBeanFactory:466 - Creating instance of bean &apos;PostgreSQL&apos;
20:36:57,498 DEBUG DefaultListableBeanFactory:569 - Eagerly caching bean &apos;PostgreSQL&apos; to allow for resolving potential circular references
20:36:57,500 DEBUG DefaultListableBeanFactory:503 - Finished creating instance of bean &apos;PostgreSQL&apos;
20:36:57,501 DEBUG DefaultListableBeanFactory:219 - Creating shared instance of singleton bean &apos;Sybase&apos;
20:36:57,501 DEBUG DefaultListableBeanFactory:466 - Creating instance of bean &apos;Sybase&apos;
20:36:57,502 DEBUG DefaultListableBeanFactory:569 - Eagerly caching bean &apos;Sybase&apos; to allow for resolving potential circular references
20:36:57,504 DEBUG DefaultListableBeanFactory:503 - Finished creating instance of bean &apos;Sybase&apos;
20:36:57,505  INFO SQLErrorCodesFactory:128 - SQLErrorCodes loaded: [DB2, Derby, H2, HDB, HSQL, Informix, MS-SQL, MySQL, Oracle, PostgreSQL, Sybase]
20:36:57,505 DEBUG SQLErrorCodesFactory:202 - Looking up default SQLErrorCodes for DataSource [com.alibaba.druid.pool.DruidDataSource@3a4621bd]
20:36:57,510 DEBUG DataSourceUtils:114 - Fetching JDBC Connection from DataSource
20:36:57,518 DEBUG DataSourceUtils:340 - Returning JDBC Connection to DataSource
20:36:57,519 DEBUG SQLErrorCodesFactory:178 - SQL error codes for &apos;MySQL&apos; found
20:36:57,520 DEBUG SQLErrorCodesFactory:246 - Caching SQL error codes for DataSource [com.alibaba.druid.pool.DruidDataSource@3a4621bd]: database product name is &apos;MySQL&apos;
20:36:57,521 DEBUG SQLErrorCodeSQLExceptionTranslator:402 - Translating SQLException with SQL state &apos;23000&apos;, error code &apos;1062&apos;, message [Duplicate entry &apos;4444&apos; for key &apos;PRIMARY&apos;] for task [
### Error updating database.  Cause: java.sql.SQLIntegrityConstraintViolationException: Duplicate entry &apos;4444&apos; for key &apos;PRIMARY&apos;
### The error may involve com.qingcheng.dao.AuditLogMapper.insertSelective-Inline
### The error occurred while setting parameters
### SQL: INSERT INTO tb_audit_log  ( id,spu_id,audit_time,message,status ) VALUES( ?,?,?,?,? )
### Cause: java.sql.SQLIntegrityConstraintViolationException: Duplicate entry &apos;4444&apos; for key &apos;PRIMARY&apos;
]
20:36:57,527 DEBUG AbstractDirtiesContextTestExecutionListener:107 - After test method: context [DefaultTestContext@3043fe0e testClass = Test, testInstance = com.tony.test.Test@307f6b8c, testMethod = selectAuditLog_01@Test, testException = org.springframework.dao.DuplicateKeyException: 
### Error updating database.  Cause: java.sql.SQLIntegrityConstraintViolationException: Duplicate entry &apos;4444&apos; for key &apos;PRIMARY&apos;
### The error may involve com.qingcheng.dao.AuditLogMapper.insertSelective-Inline
### The error occurred while setting parameters
### SQL: INSERT INTO tb_audit_log  ( id,spu_id,audit_time,message,status ) VALUES( ?,?,?,?,? )
### Cause: java.sql.SQLIntegrityConstraintViolationException: Duplicate entry &apos;4444&apos; for key &apos;PRIMARY&apos;
; ]; Duplicate entry &apos;4444&apos; for key &apos;PRIMARY&apos;; nested exception is java.sql.SQLIntegrityConstraintViolationException: Duplicate entry &apos;4444&apos; for key &apos;PRIMARY&apos;, mergedContextConfiguration = [MergedContextConfiguration@78e67e0a testClass = Test, locations = &apos;{classpath:applicationContext-dao.xml}&apos;, classes = &apos;{}&apos;, contextInitializerClasses = &apos;[]&apos;, activeProfiles = &apos;{}&apos;, propertySourceLocations = &apos;{}&apos;, propertySourceProperties = &apos;{}&apos;, contextCustomizers = set[[empty]], contextLoader = &apos;org.springframework.test.context.support.DelegatingSmartContextLoader&apos;, parent = [null]], attributes = map[[empty]]], class annotated with @DirtiesContext [false] with mode [null], method annotated with @DirtiesContext [false] with mode [null].
</system-err>
  </testcase>
</testsuite>